[2025-10-25T09:06:47.455+0000] {taskinstance.py:1956} INFO - Dependencies all met for dep_context=non-requeueable deps ti=<TaskInstance: who_data_rag_ingestion_pipeline.chroma_processor manual__2025-10-25T09:00:15.547717+00:00 [queued]>
[2025-10-25T09:06:47.466+0000] {taskinstance.py:1956} INFO - Dependencies all met for dep_context=requeueable deps ti=<TaskInstance: who_data_rag_ingestion_pipeline.chroma_processor manual__2025-10-25T09:00:15.547717+00:00 [queued]>
[2025-10-25T09:06:47.467+0000] {taskinstance.py:2170} INFO - Starting attempt 2 of 2
[2025-10-25T09:06:47.484+0000] {taskinstance.py:2191} INFO - Executing <Task(_PythonDecoratedOperator): chroma_processor> on 2025-10-25 09:00:15.547717+00:00
[2025-10-25T09:06:47.491+0000] {standard_task_runner.py:60} INFO - Started process 849 to run task
[2025-10-25T09:06:47.494+0000] {standard_task_runner.py:87} INFO - Running: ['airflow', 'tasks', 'run', 'who_data_rag_ingestion_pipeline', 'chroma_processor', 'manual__2025-10-25T09:00:15.547717+00:00', '--job-id', '6', '--raw', '--subdir', 'DAGS_FOLDER/ingest.py', '--cfg-path', '/tmp/tmpwb35kjdj']
[2025-10-25T09:06:47.496+0000] {standard_task_runner.py:88} INFO - Job 6: Subtask chroma_processor
[2025-10-25T09:06:47.518+0000] {logging_mixin.py:188} WARNING - /home/airflow/.local/lib/python3.9/site-packages/airflow/settings.py:194 DeprecationWarning: The sql_alchemy_conn option in [core] has been moved to the sql_alchemy_conn option in [database] - the old setting has been used, but please update your config.
[2025-10-25T09:06:47.570+0000] {task_command.py:423} INFO - Running <TaskInstance: who_data_rag_ingestion_pipeline.chroma_processor manual__2025-10-25T09:00:15.547717+00:00 [running]> on host d62a706d8e86
[2025-10-25T09:06:47.665+0000] {taskinstance.py:2480} INFO - Exporting env vars: AIRFLOW_CTX_DAG_OWNER='airflow' AIRFLOW_CTX_DAG_ID='who_data_rag_ingestion_pipeline' AIRFLOW_CTX_TASK_ID='chroma_processor' AIRFLOW_CTX_EXECUTION_DATE='2025-10-25T09:00:15.547717+00:00' AIRFLOW_CTX_TRY_NUMBER='2' AIRFLOW_CTX_DAG_RUN_ID='manual__2025-10-25T09:00:15.547717+00:00'
[2025-10-25T09:06:47.668+0000] {data_processor.py:144} INFO - Processing changed raw_content/ files into chunks...
[2025-10-25T09:06:49.728+0000] {s3_utils.py:83} INFO - Successfully loaded data
[2025-10-25T09:06:49.734+0000] {s3_utils.py:49} INFO - Attempting to download s3://whofactsheet/raw_content/abortion.json
[2025-10-25T09:06:50.603+0000] {s3_utils.py:57} INFO - Successfully downloaded raw_content/abortion.json
[2025-10-25T09:06:50.616+0000] {s3_utils.py:29} INFO - Attempting to upload data to s3://whofactsheet/processed/abortion.json
[2025-10-25T09:06:52.138+0000] {s3_utils.py:39} INFO - Successfully uploaded data to processed/abortion.json
[2025-10-25T09:06:52.146+0000] {data_processor.py:184} INFO - Processed and uploaded 12 chunks for abortion.
[2025-10-25T09:06:52.148+0000] {s3_utils.py:49} INFO - Attempting to download s3://whofactsheet/raw_content/abuse_of_older_people.json
[2025-10-25T09:06:53.159+0000] {s3_utils.py:57} INFO - Successfully downloaded raw_content/abuse_of_older_people.json
[2025-10-25T09:06:53.183+0000] {s3_utils.py:29} INFO - Attempting to upload data to s3://whofactsheet/processed/abuse_of_older_people.json
[2025-10-25T09:06:54.365+0000] {s3_utils.py:39} INFO - Successfully uploaded data to processed/abuse_of_older_people.json
[2025-10-25T09:06:54.367+0000] {data_processor.py:184} INFO - Processed and uploaded 12 chunks for abuse_of_older_people.
[2025-10-25T09:06:54.369+0000] {s3_utils.py:49} INFO - Attempting to download s3://whofactsheet/raw_content/adolescent_and_young_adult_health.json
[2025-10-25T09:06:55.216+0000] {s3_utils.py:57} INFO - Successfully downloaded raw_content/adolescent_and_young_adult_health.json
[2025-10-25T09:06:55.234+0000] {s3_utils.py:29} INFO - Attempting to upload data to s3://whofactsheet/processed/adolescent_and_young_adult_health.json
[2025-10-25T09:06:56.947+0000] {s3_utils.py:39} INFO - Successfully uploaded data to processed/adolescent_and_young_adult_health.json
[2025-10-25T09:06:56.950+0000] {data_processor.py:184} INFO - Processed and uploaded 10 chunks for adolescent_and_young_adult_health.
[2025-10-25T09:06:56.951+0000] {s3_utils.py:49} INFO - Attempting to download s3://whofactsheet/raw_content/adolescent_pregnancy.json
[2025-10-25T09:06:57.764+0000] {s3_utils.py:57} INFO - Successfully downloaded raw_content/adolescent_pregnancy.json
[2025-10-25T09:06:57.774+0000] {s3_utils.py:29} INFO - Attempting to upload data to s3://whofactsheet/processed/adolescent_pregnancy.json
[2025-10-25T09:06:58.900+0000] {s3_utils.py:39} INFO - Successfully uploaded data to processed/adolescent_pregnancy.json
[2025-10-25T09:06:58.904+0000] {data_processor.py:184} INFO - Processed and uploaded 10 chunks for adolescent_pregnancy.
[2025-10-25T09:06:58.907+0000] {s3_utils.py:49} INFO - Attempting to download s3://whofactsheet/raw_content/ageing_and_health.json
[2025-10-25T09:06:59.933+0000] {s3_utils.py:57} INFO - Successfully downloaded raw_content/ageing_and_health.json
[2025-10-25T09:06:59.940+0000] {s3_utils.py:29} INFO - Attempting to upload data to s3://whofactsheet/processed/ageing_and_health.json
[2025-10-25T09:07:01.004+0000] {s3_utils.py:39} INFO - Successfully uploaded data to processed/ageing_and_health.json
[2025-10-25T09:07:01.011+0000] {data_processor.py:184} INFO - Processed and uploaded 14 chunks for ageing_and_health.
[2025-10-25T09:07:01.015+0000] {s3_utils.py:49} INFO - Attempting to download s3://whofactsheet/raw_content/alcohol.json
[2025-10-25T09:07:02.232+0000] {s3_utils.py:57} INFO - Successfully downloaded raw_content/alcohol.json
[2025-10-25T09:07:02.239+0000] {s3_utils.py:29} INFO - Attempting to upload data to s3://whofactsheet/processed/alcohol.json
[2025-10-25T09:07:03.498+0000] {s3_utils.py:39} INFO - Successfully uploaded data to processed/alcohol.json
[2025-10-25T09:07:03.500+0000] {data_processor.py:184} INFO - Processed and uploaded 10 chunks for alcohol.
[2025-10-25T09:07:03.502+0000] {s3_utils.py:49} INFO - Attempting to download s3://whofactsheet/raw_content/ambient_(outdoor)_air_pollution.json
[2025-10-25T09:07:04.699+0000] {s3_utils.py:57} INFO - Successfully downloaded raw_content/ambient_(outdoor)_air_pollution.json
[2025-10-25T09:07:04.736+0000] {s3_utils.py:29} INFO - Attempting to upload data to s3://whofactsheet/processed/ambient_(outdoor)_air_pollution.json
[2025-10-25T09:07:05.883+0000] {s3_utils.py:39} INFO - Successfully uploaded data to processed/ambient_(outdoor)_air_pollution.json
[2025-10-25T09:07:05.890+0000] {data_processor.py:184} INFO - Processed and uploaded 12 chunks for ambient_(outdoor)_air_pollution.
[2025-10-25T09:07:05.894+0000] {s3_utils.py:49} INFO - Attempting to download s3://whofactsheet/raw_content/anaemia.json
[2025-10-25T09:07:06.785+0000] {s3_utils.py:57} INFO - Successfully downloaded raw_content/anaemia.json
[2025-10-25T09:07:06.797+0000] {s3_utils.py:29} INFO - Attempting to upload data to s3://whofactsheet/processed/anaemia.json
[2025-10-25T09:07:08.290+0000] {s3_utils.py:39} INFO - Successfully uploaded data to processed/anaemia.json
[2025-10-25T09:07:08.292+0000] {data_processor.py:184} INFO - Processed and uploaded 18 chunks for anaemia.
[2025-10-25T09:07:08.294+0000] {s3_utils.py:49} INFO - Attempting to download s3://whofactsheet/raw_content/animal_bites.json
[2025-10-25T09:07:09.473+0000] {s3_utils.py:57} INFO - Successfully downloaded raw_content/animal_bites.json
[2025-10-25T09:07:09.489+0000] {s3_utils.py:29} INFO - Attempting to upload data to s3://whofactsheet/processed/animal_bites.json
[2025-10-25T09:07:10.903+0000] {s3_utils.py:39} INFO - Successfully uploaded data to processed/animal_bites.json
[2025-10-25T09:07:10.906+0000] {data_processor.py:184} INFO - Processed and uploaded 14 chunks for animal_bites.
[2025-10-25T09:07:10.908+0000] {s3_utils.py:49} INFO - Attempting to download s3://whofactsheet/raw_content/antimicrobial_resistance.json
[2025-10-25T09:07:12.014+0000] {s3_utils.py:57} INFO - Successfully downloaded raw_content/antimicrobial_resistance.json
[2025-10-25T09:07:12.026+0000] {s3_utils.py:29} INFO - Attempting to upload data to s3://whofactsheet/processed/antimicrobial_resistance.json
[2025-10-25T09:07:13.613+0000] {s3_utils.py:39} INFO - Successfully uploaded data to processed/antimicrobial_resistance.json
[2025-10-25T09:07:13.616+0000] {data_processor.py:184} INFO - Processed and uploaded 12 chunks for antimicrobial_resistance.
[2025-10-25T09:07:13.617+0000] {s3_utils.py:49} INFO - Attempting to download s3://whofactsheet/raw_content/anxiety_disorders.json
[2025-10-25T09:07:14.828+0000] {s3_utils.py:57} INFO - Successfully downloaded raw_content/anxiety_disorders.json
[2025-10-25T09:07:14.841+0000] {s3_utils.py:29} INFO - Attempting to upload data to s3://whofactsheet/processed/anxiety_disorders.json
[2025-10-25T09:07:16.634+0000] {s3_utils.py:39} INFO - Successfully uploaded data to processed/anxiety_disorders.json
[2025-10-25T09:07:16.637+0000] {data_processor.py:184} INFO - Processed and uploaded 14 chunks for anxiety_disorders.
[2025-10-25T09:07:16.638+0000] {s3_utils.py:49} INFO - Attempting to download s3://whofactsheet/raw_content/arsenic.json
[2025-10-25T09:07:17.711+0000] {s3_utils.py:57} INFO - Successfully downloaded raw_content/arsenic.json
[2025-10-25T09:07:17.724+0000] {s3_utils.py:29} INFO - Attempting to upload data to s3://whofactsheet/processed/arsenic.json
[2025-10-25T09:07:17.819+0000] {local_task_job_runner.py:302} WARNING - State of this instance has been externally set to success. Terminating instance.
[2025-10-25T09:07:17.823+0000] {process_utils.py:131} INFO - Sending 15 to group 849. PIDs of all processes in the group: [849]
[2025-10-25T09:07:17.824+0000] {process_utils.py:86} INFO - Sending the signal 15 to group 849
[2025-10-25T09:07:17.824+0000] {taskinstance.py:2450} ERROR - Received SIGTERM. Terminating subprocesses.
[2025-10-25T09:07:17.826+0000] {s3_utils.py:45} ERROR - An unexpected error occurred during upload: An HTTP Client raised an unhandled exception: Task received SIGTERM signal
[2025-10-25T09:07:17.826+0000] {data_processor.py:184} INFO - Processed and uploaded 14 chunks for arsenic.
[2025-10-25T09:07:17.827+0000] {s3_utils.py:49} INFO - Attempting to download s3://whofactsheet/raw_content/asbestos.json
[2025-10-25T09:07:18.726+0000] {s3_utils.py:57} INFO - Successfully downloaded raw_content/asbestos.json
[2025-10-25T09:07:18.734+0000] {s3_utils.py:29} INFO - Attempting to upload data to s3://whofactsheet/processed/asbestos.json
[2025-10-25T09:07:19.827+0000] {s3_utils.py:39} INFO - Successfully uploaded data to processed/asbestos.json
[2025-10-25T09:07:19.830+0000] {data_processor.py:184} INFO - Processed and uploaded 18 chunks for asbestos.
[2025-10-25T09:07:19.832+0000] {s3_utils.py:49} INFO - Attempting to download s3://whofactsheet/raw_content/assistive_technology.json
[2025-10-25T09:07:20.925+0000] {s3_utils.py:57} INFO - Successfully downloaded raw_content/assistive_technology.json
[2025-10-25T09:07:20.938+0000] {s3_utils.py:29} INFO - Attempting to upload data to s3://whofactsheet/processed/assistive_technology.json
[2025-10-25T09:07:22.088+0000] {s3_utils.py:39} INFO - Successfully uploaded data to processed/assistive_technology.json
[2025-10-25T09:07:22.090+0000] {data_processor.py:184} INFO - Processed and uploaded 16 chunks for assistive_technology.
[2025-10-25T09:07:22.092+0000] {s3_utils.py:49} INFO - Attempting to download s3://whofactsheet/raw_content/asthma.json
[2025-10-25T09:07:23.266+0000] {s3_utils.py:57} INFO - Successfully downloaded raw_content/asthma.json
[2025-10-25T09:07:23.275+0000] {s3_utils.py:29} INFO - Attempting to upload data to s3://whofactsheet/processed/asthma.json
[2025-10-25T09:07:24.365+0000] {s3_utils.py:39} INFO - Successfully uploaded data to processed/asthma.json
[2025-10-25T09:07:24.368+0000] {data_processor.py:184} INFO - Processed and uploaded 16 chunks for asthma.
[2025-10-25T09:07:24.370+0000] {s3_utils.py:49} INFO - Attempting to download s3://whofactsheet/raw_content/autism.json
[2025-10-25T09:07:25.395+0000] {s3_utils.py:57} INFO - Successfully downloaded raw_content/autism.json
[2025-10-25T09:07:25.407+0000] {s3_utils.py:29} INFO - Attempting to upload data to s3://whofactsheet/processed/autism.json
[2025-10-25T09:07:26.517+0000] {s3_utils.py:39} INFO - Successfully uploaded data to processed/autism.json
[2025-10-25T09:07:26.520+0000] {data_processor.py:184} INFO - Processed and uploaded 3 chunks for autism.
[2025-10-25T09:07:26.521+0000] {s3_utils.py:49} INFO - Attempting to download s3://whofactsheet/raw_content/bacterial_vaginosis.json
[2025-10-25T09:07:27.554+0000] {s3_utils.py:57} INFO - Successfully downloaded raw_content/bacterial_vaginosis.json
[2025-10-25T09:07:27.562+0000] {s3_utils.py:29} INFO - Attempting to upload data to s3://whofactsheet/processed/bacterial_vaginosis.json
[2025-10-25T09:07:28.819+0000] {s3_utils.py:39} INFO - Successfully uploaded data to processed/bacterial_vaginosis.json
[2025-10-25T09:07:28.823+0000] {data_processor.py:184} INFO - Processed and uploaded 13 chunks for bacterial_vaginosis.
[2025-10-25T09:07:28.825+0000] {s3_utils.py:49} INFO - Attempting to download s3://whofactsheet/raw_content/biodiversity.json
[2025-10-25T09:07:29.933+0000] {s3_utils.py:57} INFO - Successfully downloaded raw_content/biodiversity.json
[2025-10-25T09:07:29.948+0000] {s3_utils.py:29} INFO - Attempting to upload data to s3://whofactsheet/processed/biodiversity.json
[2025-10-25T09:07:31.305+0000] {s3_utils.py:39} INFO - Successfully uploaded data to processed/biodiversity.json
[2025-10-25T09:07:31.308+0000] {data_processor.py:184} INFO - Processed and uploaded 18 chunks for biodiversity.
[2025-10-25T09:07:31.309+0000] {s3_utils.py:49} INFO - Attempting to download s3://whofactsheet/raw_content/bipolar_disorder.json
[2025-10-25T09:07:32.525+0000] {s3_utils.py:57} INFO - Successfully downloaded raw_content/bipolar_disorder.json
[2025-10-25T09:07:32.544+0000] {s3_utils.py:29} INFO - Attempting to upload data to s3://whofactsheet/processed/bipolar_disorder.json
[2025-10-25T09:07:33.835+0000] {s3_utils.py:39} INFO - Successfully uploaded data to processed/bipolar_disorder.json
[2025-10-25T09:07:33.839+0000] {data_processor.py:184} INFO - Processed and uploaded 12 chunks for bipolar_disorder.
[2025-10-25T09:07:33.841+0000] {s3_utils.py:49} INFO - Attempting to download s3://whofactsheet/raw_content/blindness_and_vision_impairment.json
[2025-10-25T09:07:35.064+0000] {s3_utils.py:57} INFO - Successfully downloaded raw_content/blindness_and_vision_impairment.json
[2025-10-25T09:07:35.075+0000] {s3_utils.py:29} INFO - Attempting to upload data to s3://whofactsheet/processed/blindness_and_vision_impairment.json
[2025-10-25T09:07:36.354+0000] {s3_utils.py:39} INFO - Successfully uploaded data to processed/blindness_and_vision_impairment.json
[2025-10-25T09:07:36.360+0000] {data_processor.py:184} INFO - Processed and uploaded 14 chunks for blindness_and_vision_impairment.
[2025-10-25T09:07:36.363+0000] {s3_utils.py:49} INFO - Attempting to download s3://whofactsheet/raw_content/blood_safety_and_availability.json
[2025-10-25T09:07:37.997+0000] {s3_utils.py:57} INFO - Successfully downloaded raw_content/blood_safety_and_availability.json
[2025-10-25T09:07:38.010+0000] {s3_utils.py:29} INFO - Attempting to upload data to s3://whofactsheet/processed/blood_safety_and_availability.json
[2025-10-25T09:07:39.472+0000] {s3_utils.py:39} INFO - Successfully uploaded data to processed/blood_safety_and_availability.json
[2025-10-25T09:07:39.475+0000] {data_processor.py:184} INFO - Processed and uploaded 18 chunks for blood_safety_and_availability.
[2025-10-25T09:07:39.477+0000] {s3_utils.py:49} INFO - Attempting to download s3://whofactsheet/raw_content/botulism.json
[2025-10-25T09:07:40.615+0000] {s3_utils.py:57} INFO - Successfully downloaded raw_content/botulism.json
[2025-10-25T09:07:40.653+0000] {s3_utils.py:29} INFO - Attempting to upload data to s3://whofactsheet/processed/botulism.json
[2025-10-25T09:07:42.096+0000] {s3_utils.py:39} INFO - Successfully uploaded data to processed/botulism.json
[2025-10-25T09:07:42.099+0000] {data_processor.py:184} INFO - Processed and uploaded 14 chunks for botulism.
[2025-10-25T09:07:42.100+0000] {s3_utils.py:49} INFO - Attempting to download s3://whofactsheet/raw_content/breast_cancer.json
[2025-10-25T09:07:43.227+0000] {s3_utils.py:57} INFO - Successfully downloaded raw_content/breast_cancer.json
[2025-10-25T09:07:43.238+0000] {s3_utils.py:29} INFO - Attempting to upload data to s3://whofactsheet/processed/breast_cancer.json
[2025-10-25T09:07:44.681+0000] {s3_utils.py:39} INFO - Successfully uploaded data to processed/breast_cancer.json
[2025-10-25T09:07:44.684+0000] {data_processor.py:184} INFO - Processed and uploaded 12 chunks for breast_cancer.
[2025-10-25T09:07:44.685+0000] {s3_utils.py:49} INFO - Attempting to download s3://whofactsheet/raw_content/brucellosis.json
[2025-10-25T09:07:45.593+0000] {s3_utils.py:57} INFO - Successfully downloaded raw_content/brucellosis.json
[2025-10-25T09:07:45.615+0000] {s3_utils.py:29} INFO - Attempting to upload data to s3://whofactsheet/processed/brucellosis.json
[2025-10-25T09:07:46.835+0000] {s3_utils.py:39} INFO - Successfully uploaded data to processed/brucellosis.json
[2025-10-25T09:07:46.845+0000] {data_processor.py:184} INFO - Processed and uploaded 10 chunks for brucellosis.
[2025-10-25T09:07:46.848+0000] {s3_utils.py:49} INFO - Attempting to download s3://whofactsheet/raw_content/burns.json
[2025-10-25T09:07:48.093+0000] {s3_utils.py:57} INFO - Successfully downloaded raw_content/burns.json
[2025-10-25T09:07:48.122+0000] {s3_utils.py:29} INFO - Attempting to upload data to s3://whofactsheet/processed/burns.json
[2025-10-25T09:07:49.333+0000] {s3_utils.py:39} INFO - Successfully uploaded data to processed/burns.json
[2025-10-25T09:07:49.336+0000] {data_processor.py:184} INFO - Processed and uploaded 20 chunks for burns.
[2025-10-25T09:07:49.339+0000] {s3_utils.py:49} INFO - Attempting to download s3://whofactsheet/raw_content/buruli_ulcer_(mycobacterium_ulcerans_infection).json
[2025-10-25T09:07:50.582+0000] {s3_utils.py:57} INFO - Successfully downloaded raw_content/buruli_ulcer_(mycobacterium_ulcerans_infection).json
[2025-10-25T09:07:50.592+0000] {s3_utils.py:29} INFO - Attempting to upload data to s3://whofactsheet/processed/buruli_ulcer_(mycobacterium_ulcerans_infection).json
[2025-10-25T09:07:51.726+0000] {s3_utils.py:39} INFO - Successfully uploaded data to processed/buruli_ulcer_(mycobacterium_ulcerans_infection).json
[2025-10-25T09:07:51.729+0000] {data_processor.py:184} INFO - Processed and uploaded 16 chunks for buruli_ulcer_(mycobacterium_ulcerans_infection).
[2025-10-25T09:07:51.731+0000] {s3_utils.py:49} INFO - Attempting to download s3://whofactsheet/raw_content/campylobacter.json
[2025-10-25T09:07:52.850+0000] {s3_utils.py:57} INFO - Successfully downloaded raw_content/campylobacter.json
[2025-10-25T09:07:52.866+0000] {s3_utils.py:29} INFO - Attempting to upload data to s3://whofactsheet/processed/campylobacter.json
[2025-10-25T09:07:54.306+0000] {s3_utils.py:39} INFO - Successfully uploaded data to processed/campylobacter.json
[2025-10-25T09:07:54.309+0000] {data_processor.py:184} INFO - Processed and uploaded 12 chunks for campylobacter.
[2025-10-25T09:07:54.310+0000] {s3_utils.py:49} INFO - Attempting to download s3://whofactsheet/raw_content/cancer.json
[2025-10-25T09:07:55.341+0000] {s3_utils.py:57} INFO - Successfully downloaded raw_content/cancer.json
[2025-10-25T09:07:55.354+0000] {s3_utils.py:29} INFO - Attempting to upload data to s3://whofactsheet/processed/cancer.json
[2025-10-25T09:07:56.714+0000] {s3_utils.py:39} INFO - Successfully uploaded data to processed/cancer.json
[2025-10-25T09:07:56.717+0000] {data_processor.py:184} INFO - Processed and uploaded 25 chunks for cancer.
[2025-10-25T09:07:56.718+0000] {s3_utils.py:49} INFO - Attempting to download s3://whofactsheet/raw_content/candidiasis_(yeast_infection).json
[2025-10-25T09:07:57.752+0000] {s3_utils.py:57} INFO - Successfully downloaded raw_content/candidiasis_(yeast_infection).json
[2025-10-25T09:07:57.768+0000] {s3_utils.py:29} INFO - Attempting to upload data to s3://whofactsheet/processed/candidiasis_(yeast_infection).json
[2025-10-25T09:07:59.249+0000] {s3_utils.py:39} INFO - Successfully uploaded data to processed/candidiasis_(yeast_infection).json
[2025-10-25T09:07:59.252+0000] {data_processor.py:184} INFO - Processed and uploaded 22 chunks for candidiasis_(yeast_infection).
[2025-10-25T09:07:59.254+0000] {s3_utils.py:49} INFO - Attempting to download s3://whofactsheet/raw_content/cardiovascular_diseases_(cvds).json
[2025-10-25T09:08:00.544+0000] {s3_utils.py:57} INFO - Successfully downloaded raw_content/cardiovascular_diseases_(cvds).json
[2025-10-25T09:08:00.572+0000] {s3_utils.py:29} INFO - Attempting to upload data to s3://whofactsheet/processed/cardiovascular_diseases_(cvds).json
[2025-10-25T09:08:01.972+0000] {s3_utils.py:39} INFO - Successfully uploaded data to processed/cardiovascular_diseases_(cvds).json
[2025-10-25T09:08:01.976+0000] {data_processor.py:184} INFO - Processed and uploaded 16 chunks for cardiovascular_diseases_(cvds).
[2025-10-25T09:08:01.979+0000] {s3_utils.py:49} INFO - Attempting to download s3://whofactsheet/raw_content/cervical_cancer.json
[2025-10-25T09:08:03.074+0000] {s3_utils.py:57} INFO - Successfully downloaded raw_content/cervical_cancer.json
[2025-10-25T09:08:03.097+0000] {s3_utils.py:29} INFO - Attempting to upload data to s3://whofactsheet/processed/cervical_cancer.json
[2025-10-25T09:08:04.516+0000] {s3_utils.py:39} INFO - Successfully uploaded data to processed/cervical_cancer.json
[2025-10-25T09:08:04.520+0000] {data_processor.py:184} INFO - Processed and uploaded 11 chunks for cervical_cancer.
[2025-10-25T09:08:04.523+0000] {s3_utils.py:49} INFO - Attempting to download s3://whofactsheet/raw_content/chagas_disease_(also_known_as_american_trypanosomiasis).json
[2025-10-25T09:08:05.552+0000] {s3_utils.py:57} INFO - Successfully downloaded raw_content/chagas_disease_(also_known_as_american_trypanosomiasis).json
[2025-10-25T09:08:05.578+0000] {s3_utils.py:29} INFO - Attempting to upload data to s3://whofactsheet/processed/chagas_disease_(also_known_as_american_trypanosomiasis).json
[2025-10-25T09:08:07.054+0000] {s3_utils.py:39} INFO - Successfully uploaded data to processed/chagas_disease_(also_known_as_american_trypanosomiasis).json
[2025-10-25T09:08:07.059+0000] {data_processor.py:184} INFO - Processed and uploaded 15 chunks for chagas_disease_(also_known_as_american_trypanosomiasis).
[2025-10-25T09:08:07.061+0000] {s3_utils.py:49} INFO - Attempting to download s3://whofactsheet/raw_content/chikungunya.json
[2025-10-25T09:08:07.945+0000] {s3_utils.py:57} INFO - Successfully downloaded raw_content/chikungunya.json
[2025-10-25T09:08:07.961+0000] {s3_utils.py:29} INFO - Attempting to upload data to s3://whofactsheet/processed/chikungunya.json
[2025-10-25T09:08:09.071+0000] {s3_utils.py:39} INFO - Successfully uploaded data to processed/chikungunya.json
[2025-10-25T09:08:09.074+0000] {data_processor.py:184} INFO - Processed and uploaded 18 chunks for chikungunya.
[2025-10-25T09:08:09.075+0000] {s3_utils.py:49} INFO - Attempting to download s3://whofactsheet/raw_content/child_maltreatment.json
[2025-10-25T09:08:10.505+0000] {s3_utils.py:57} INFO - Successfully downloaded raw_content/child_maltreatment.json
[2025-10-25T09:08:10.518+0000] {s3_utils.py:29} INFO - Attempting to upload data to s3://whofactsheet/processed/child_maltreatment.json
[2025-10-25T09:08:11.782+0000] {s3_utils.py:39} INFO - Successfully uploaded data to processed/child_maltreatment.json
[2025-10-25T09:08:11.786+0000] {data_processor.py:184} INFO - Processed and uploaded 14 chunks for child_maltreatment.
[2025-10-25T09:08:11.788+0000] {s3_utils.py:49} INFO - Attempting to download s3://whofactsheet/raw_content/child_mortality_(under_5_years).json
[2025-10-25T09:08:12.851+0000] {s3_utils.py:57} INFO - Successfully downloaded raw_content/child_mortality_(under_5_years).json
[2025-10-25T09:08:12.867+0000] {s3_utils.py:29} INFO - Attempting to upload data to s3://whofactsheet/processed/child_mortality_(under_5_years).json
[2025-10-25T09:08:14.029+0000] {s3_utils.py:39} INFO - Successfully uploaded data to processed/child_mortality_(under_5_years).json
[2025-10-25T09:08:14.032+0000] {data_processor.py:184} INFO - Processed and uploaded 10 chunks for child_mortality_(under_5_years).
[2025-10-25T09:08:14.033+0000] {s3_utils.py:49} INFO - Attempting to download s3://whofactsheet/raw_content/childhood_cancer.json
[2025-10-25T09:08:15.120+0000] {s3_utils.py:57} INFO - Successfully downloaded raw_content/childhood_cancer.json
[2025-10-25T09:08:15.129+0000] {s3_utils.py:29} INFO - Attempting to upload data to s3://whofactsheet/processed/childhood_cancer.json
[2025-10-25T09:08:16.454+0000] {s3_utils.py:39} INFO - Successfully uploaded data to processed/childhood_cancer.json
[2025-10-25T09:08:16.458+0000] {data_processor.py:184} INFO - Processed and uploaded 10 chunks for childhood_cancer.
[2025-10-25T09:08:16.460+0000] {s3_utils.py:49} INFO - Attempting to download s3://whofactsheet/raw_content/chlamydia.json
[2025-10-25T09:08:17.805+0000] {s3_utils.py:57} INFO - Successfully downloaded raw_content/chlamydia.json
[2025-10-25T09:08:17.830+0000] {s3_utils.py:29} INFO - Attempting to upload data to s3://whofactsheet/processed/chlamydia.json
[2025-10-25T09:08:17.869+0000] {process_utils.py:149} WARNING - process psutil.Process(pid=849, name='airflow task ru', status='sleeping', started='09:06:47') did not respond to SIGTERM. Trying SIGKILL
[2025-10-25T09:08:17.871+0000] {process_utils.py:86} INFO - Sending the signal 9 to group 849
[2025-10-25T09:08:17.899+0000] {process_utils.py:79} INFO - Process psutil.Process(pid=849, name='airflow task ru', status='terminated', exitcode=<Negsignal.SIGKILL: -9>, started='09:06:47') (849) terminated with exit code -9
[2025-10-25T09:08:17.900+0000] {standard_task_runner.py:175} ERROR - Job 6 was killed before it finished (likely due to running out of memory)
