[2025-10-23T23:19:18.368+0000] {taskinstance.py:1956} INFO - Dependencies all met for dep_context=non-requeueable deps ti=<TaskInstance: who_data_rag_ingestion_pipeline.content_scraper manual__2025-10-23T23:14:17.581111+00:00 [queued]>
[2025-10-23T23:19:18.399+0000] {taskinstance.py:1956} INFO - Dependencies all met for dep_context=requeueable deps ti=<TaskInstance: who_data_rag_ingestion_pipeline.content_scraper manual__2025-10-23T23:14:17.581111+00:00 [queued]>
[2025-10-23T23:19:18.401+0000] {taskinstance.py:2170} INFO - Starting attempt 2 of 2
[2025-10-23T23:19:18.438+0000] {taskinstance.py:2191} INFO - Executing <Task(_PythonDecoratedOperator): content_scraper> on 2025-10-23 23:14:17.581111+00:00
[2025-10-23T23:19:18.450+0000] {standard_task_runner.py:60} INFO - Started process 438 to run task
[2025-10-23T23:19:18.462+0000] {standard_task_runner.py:87} INFO - Running: ['airflow', 'tasks', 'run', 'who_data_rag_ingestion_pipeline', 'content_scraper', 'manual__2025-10-23T23:14:17.581111+00:00', '--job-id', '4', '--raw', '--subdir', 'DAGS_FOLDER/ingest.py', '--cfg-path', '/tmp/tmp3turcjl7']
[2025-10-23T23:19:18.465+0000] {standard_task_runner.py:88} INFO - Job 4: Subtask content_scraper
[2025-10-23T23:19:18.510+0000] {logging_mixin.py:188} WARNING - /home/airflow/.local/lib/python3.9/site-packages/airflow/settings.py:194 DeprecationWarning: The sql_alchemy_conn option in [core] has been moved to the sql_alchemy_conn option in [database] - the old setting has been used, but please update your config.
[2025-10-23T23:19:18.590+0000] {task_command.py:423} INFO - Running <TaskInstance: who_data_rag_ingestion_pipeline.content_scraper manual__2025-10-23T23:14:17.581111+00:00 [running]> on host 77b86f81ba28
[2025-10-23T23:19:18.782+0000] {taskinstance.py:2480} INFO - Exporting env vars: AIRFLOW_CTX_DAG_OWNER='airflow' AIRFLOW_CTX_DAG_ID='who_data_rag_ingestion_pipeline' AIRFLOW_CTX_TASK_ID='content_scraper' AIRFLOW_CTX_EXECUTION_DATE='2025-10-23T23:14:17.581111+00:00' AIRFLOW_CTX_TRY_NUMBER='2' AIRFLOW_CTX_DAG_RUN_ID='manual__2025-10-23T23:14:17.581111+00:00'
[2025-10-23T23:19:18.787+0000] {s3_utils.py:48} INFO - Attempting to download s3://whofactsheet/topics/topic_index.json
[2025-10-23T23:19:21.100+0000] {s3_utils.py:56} INFO - Successfully downloaded topics/topic_index.json
[2025-10-23T23:19:21.115+0000] {data_processor.py:87} INFO - Processing 233 fact sheets from S3 index.
[2025-10-23T23:19:22.239+0000] {s3_utils.py:29} INFO - Attempting to upload data to s3://whofactsheet/raw_content/abortion.json
[2025-10-23T23:19:23.851+0000] {s3_utils.py:38} INFO - Successfully uploaded data to raw_content/abortion.json
[2025-10-23T23:19:25.166+0000] {s3_utils.py:29} INFO - Attempting to upload data to s3://whofactsheet/raw_content/abuse_of_older_people.json
[2025-10-23T23:19:26.603+0000] {s3_utils.py:38} INFO - Successfully uploaded data to raw_content/abuse_of_older_people.json
[2025-10-23T23:19:27.707+0000] {s3_utils.py:29} INFO - Attempting to upload data to s3://whofactsheet/raw_content/adolescent_and_young_adult_health.json
[2025-10-23T23:19:29.330+0000] {s3_utils.py:38} INFO - Successfully uploaded data to raw_content/adolescent_and_young_adult_health.json
[2025-10-23T23:19:30.280+0000] {s3_utils.py:29} INFO - Attempting to upload data to s3://whofactsheet/raw_content/adolescent_pregnancy.json
[2025-10-23T23:19:31.588+0000] {s3_utils.py:38} INFO - Successfully uploaded data to raw_content/adolescent_pregnancy.json
[2025-10-23T23:19:32.789+0000] {s3_utils.py:29} INFO - Attempting to upload data to s3://whofactsheet/raw_content/ageing_and_health.json
[2025-10-23T23:19:34.049+0000] {s3_utils.py:38} INFO - Successfully uploaded data to raw_content/ageing_and_health.json
[2025-10-23T23:19:35.081+0000] {s3_utils.py:29} INFO - Attempting to upload data to s3://whofactsheet/raw_content/alcohol.json
[2025-10-23T23:19:36.406+0000] {s3_utils.py:38} INFO - Successfully uploaded data to raw_content/alcohol.json
[2025-10-23T23:19:37.342+0000] {s3_utils.py:29} INFO - Attempting to upload data to s3://whofactsheet/raw_content/ambient_(outdoor)_air_pollution.json
[2025-10-23T23:19:38.564+0000] {s3_utils.py:38} INFO - Successfully uploaded data to raw_content/ambient_(outdoor)_air_pollution.json
[2025-10-23T23:19:39.551+0000] {s3_utils.py:29} INFO - Attempting to upload data to s3://whofactsheet/raw_content/anaemia.json
[2025-10-23T23:19:40.901+0000] {s3_utils.py:38} INFO - Successfully uploaded data to raw_content/anaemia.json
[2025-10-23T23:19:41.909+0000] {s3_utils.py:29} INFO - Attempting to upload data to s3://whofactsheet/raw_content/animal_bites.json
[2025-10-23T23:19:43.321+0000] {s3_utils.py:38} INFO - Successfully uploaded data to raw_content/animal_bites.json
[2025-10-23T23:19:44.217+0000] {s3_utils.py:29} INFO - Attempting to upload data to s3://whofactsheet/raw_content/antimicrobial_resistance.json
[2025-10-23T23:19:45.901+0000] {s3_utils.py:38} INFO - Successfully uploaded data to raw_content/antimicrobial_resistance.json
[2025-10-23T23:19:46.729+0000] {s3_utils.py:29} INFO - Attempting to upload data to s3://whofactsheet/raw_content/anxiety_disorders.json
[2025-10-23T23:19:48.048+0000] {s3_utils.py:38} INFO - Successfully uploaded data to raw_content/anxiety_disorders.json
[2025-10-23T23:19:49.381+0000] {s3_utils.py:29} INFO - Attempting to upload data to s3://whofactsheet/raw_content/arsenic.json
[2025-10-23T23:19:50.659+0000] {s3_utils.py:38} INFO - Successfully uploaded data to raw_content/arsenic.json
[2025-10-23T23:19:51.870+0000] {s3_utils.py:29} INFO - Attempting to upload data to s3://whofactsheet/raw_content/asbestos.json
[2025-10-23T23:19:53.218+0000] {s3_utils.py:38} INFO - Successfully uploaded data to raw_content/asbestos.json
[2025-10-23T23:19:54.250+0000] {s3_utils.py:29} INFO - Attempting to upload data to s3://whofactsheet/raw_content/assistive_technology.json
[2025-10-23T23:19:55.823+0000] {s3_utils.py:38} INFO - Successfully uploaded data to raw_content/assistive_technology.json
[2025-10-23T23:19:56.646+0000] {s3_utils.py:29} INFO - Attempting to upload data to s3://whofactsheet/raw_content/asthma.json
[2025-10-23T23:19:57.992+0000] {s3_utils.py:38} INFO - Successfully uploaded data to raw_content/asthma.json
[2025-10-23T23:19:58.852+0000] {s3_utils.py:29} INFO - Attempting to upload data to s3://whofactsheet/raw_content/autism.json
[2025-10-23T23:20:00.351+0000] {s3_utils.py:38} INFO - Successfully uploaded data to raw_content/autism.json
[2025-10-23T23:20:01.538+0000] {s3_utils.py:29} INFO - Attempting to upload data to s3://whofactsheet/raw_content/bacterial_vaginosis.json
[2025-10-23T23:20:02.806+0000] {s3_utils.py:38} INFO - Successfully uploaded data to raw_content/bacterial_vaginosis.json
[2025-10-23T23:20:03.750+0000] {s3_utils.py:29} INFO - Attempting to upload data to s3://whofactsheet/raw_content/biodiversity.json
[2025-10-23T23:20:05.005+0000] {s3_utils.py:38} INFO - Successfully uploaded data to raw_content/biodiversity.json
[2025-10-23T23:20:06.079+0000] {s3_utils.py:29} INFO - Attempting to upload data to s3://whofactsheet/raw_content/bipolar_disorder.json
[2025-10-23T23:20:07.486+0000] {s3_utils.py:38} INFO - Successfully uploaded data to raw_content/bipolar_disorder.json
[2025-10-23T23:20:08.347+0000] {s3_utils.py:29} INFO - Attempting to upload data to s3://whofactsheet/raw_content/blindness_and_vision_impairment.json
[2025-10-23T23:20:09.645+0000] {s3_utils.py:38} INFO - Successfully uploaded data to raw_content/blindness_and_vision_impairment.json
[2025-10-23T23:20:10.924+0000] {s3_utils.py:29} INFO - Attempting to upload data to s3://whofactsheet/raw_content/blood_safety_and_availability.json
[2025-10-23T23:20:12.391+0000] {s3_utils.py:38} INFO - Successfully uploaded data to raw_content/blood_safety_and_availability.json
[2025-10-23T23:20:13.221+0000] {s3_utils.py:29} INFO - Attempting to upload data to s3://whofactsheet/raw_content/botulism.json
[2025-10-23T23:20:14.551+0000] {s3_utils.py:38} INFO - Successfully uploaded data to raw_content/botulism.json
[2025-10-23T23:20:15.695+0000] {s3_utils.py:29} INFO - Attempting to upload data to s3://whofactsheet/raw_content/breast_cancer.json
[2025-10-23T23:20:16.897+0000] {s3_utils.py:38} INFO - Successfully uploaded data to raw_content/breast_cancer.json
[2025-10-23T23:20:18.326+0000] {s3_utils.py:29} INFO - Attempting to upload data to s3://whofactsheet/raw_content/brucellosis.json
[2025-10-23T23:20:19.650+0000] {s3_utils.py:38} INFO - Successfully uploaded data to raw_content/brucellosis.json
[2025-10-23T23:20:20.761+0000] {s3_utils.py:29} INFO - Attempting to upload data to s3://whofactsheet/raw_content/burns.json
[2025-10-23T23:20:22.096+0000] {s3_utils.py:38} INFO - Successfully uploaded data to raw_content/burns.json
[2025-10-23T23:20:23.187+0000] {s3_utils.py:29} INFO - Attempting to upload data to s3://whofactsheet/raw_content/buruli_ulcer_(mycobacterium_ulcerans_infection).json
[2025-10-23T23:20:24.616+0000] {s3_utils.py:38} INFO - Successfully uploaded data to raw_content/buruli_ulcer_(mycobacterium_ulcerans_infection).json
[2025-10-23T23:20:25.498+0000] {s3_utils.py:29} INFO - Attempting to upload data to s3://whofactsheet/raw_content/campylobacter.json
[2025-10-23T23:20:26.879+0000] {s3_utils.py:38} INFO - Successfully uploaded data to raw_content/campylobacter.json
[2025-10-23T23:20:27.785+0000] {s3_utils.py:29} INFO - Attempting to upload data to s3://whofactsheet/raw_content/cancer.json
[2025-10-23T23:20:29.352+0000] {s3_utils.py:38} INFO - Successfully uploaded data to raw_content/cancer.json
[2025-10-23T23:20:30.380+0000] {s3_utils.py:29} INFO - Attempting to upload data to s3://whofactsheet/raw_content/candidiasis_(yeast_infection).json
[2025-10-23T23:20:31.707+0000] {s3_utils.py:38} INFO - Successfully uploaded data to raw_content/candidiasis_(yeast_infection).json
[2025-10-23T23:20:32.782+0000] {s3_utils.py:29} INFO - Attempting to upload data to s3://whofactsheet/raw_content/cardiovascular_diseases_(cvds).json
[2025-10-23T23:20:34.071+0000] {s3_utils.py:38} INFO - Successfully uploaded data to raw_content/cardiovascular_diseases_(cvds).json
[2025-10-23T23:20:34.903+0000] {s3_utils.py:29} INFO - Attempting to upload data to s3://whofactsheet/raw_content/cervical_cancer.json
[2025-10-23T23:20:36.325+0000] {s3_utils.py:38} INFO - Successfully uploaded data to raw_content/cervical_cancer.json
[2025-10-23T23:20:37.255+0000] {s3_utils.py:29} INFO - Attempting to upload data to s3://whofactsheet/raw_content/chagas_disease_(also_known_as_american_trypanosomiasis).json
[2025-10-23T23:20:38.654+0000] {s3_utils.py:38} INFO - Successfully uploaded data to raw_content/chagas_disease_(also_known_as_american_trypanosomiasis).json
[2025-10-23T23:20:39.665+0000] {s3_utils.py:29} INFO - Attempting to upload data to s3://whofactsheet/raw_content/chikungunya.json
[2025-10-23T23:20:40.939+0000] {s3_utils.py:38} INFO - Successfully uploaded data to raw_content/chikungunya.json
[2025-10-23T23:20:41.965+0000] {s3_utils.py:29} INFO - Attempting to upload data to s3://whofactsheet/raw_content/child_maltreatment.json
[2025-10-23T23:20:43.308+0000] {s3_utils.py:38} INFO - Successfully uploaded data to raw_content/child_maltreatment.json
[2025-10-23T23:20:44.141+0000] {s3_utils.py:29} INFO - Attempting to upload data to s3://whofactsheet/raw_content/child_mortality_(under_5_years).json
[2025-10-23T23:20:45.532+0000] {s3_utils.py:38} INFO - Successfully uploaded data to raw_content/child_mortality_(under_5_years).json
[2025-10-23T23:20:46.419+0000] {s3_utils.py:29} INFO - Attempting to upload data to s3://whofactsheet/raw_content/childhood_cancer.json
[2025-10-23T23:20:47.859+0000] {s3_utils.py:38} INFO - Successfully uploaded data to raw_content/childhood_cancer.json
[2025-10-23T23:20:48.729+0000] {s3_utils.py:29} INFO - Attempting to upload data to s3://whofactsheet/raw_content/chlamydia.json
[2025-10-23T23:20:50.328+0000] {s3_utils.py:38} INFO - Successfully uploaded data to raw_content/chlamydia.json
[2025-10-23T23:20:51.604+0000] {s3_utils.py:29} INFO - Attempting to upload data to s3://whofactsheet/raw_content/cholera.json
[2025-10-23T23:20:53.057+0000] {s3_utils.py:38} INFO - Successfully uploaded data to raw_content/cholera.json
[2025-10-23T23:20:53.889+0000] {s3_utils.py:29} INFO - Attempting to upload data to s3://whofactsheet/raw_content/chromoblastomycosis.json
[2025-10-23T23:20:55.094+0000] {s3_utils.py:38} INFO - Successfully uploaded data to raw_content/chromoblastomycosis.json
[2025-10-23T23:20:55.933+0000] {data_processor.py:118} ERROR - Error fetching content from https://www.who.int/news-room/fact-sheets/detail/chronic-obstructive-pulmonary-disease-(copd): 500 Server Error: Internal Server Error for url: https://www.who.int/news-room/fact-sheets/detail/chronic-obstructive-pulmonary-disease-(copd)
[2025-10-23T23:20:56.858+0000] {s3_utils.py:29} INFO - Attempting to upload data to s3://whofactsheet/raw_content/civil_registration_and_vital_statistics.json
[2025-10-23T23:20:58.195+0000] {s3_utils.py:38} INFO - Successfully uploaded data to raw_content/civil_registration_and_vital_statistics.json
[2025-10-23T23:20:59.149+0000] {s3_utils.py:29} INFO - Attempting to upload data to s3://whofactsheet/raw_content/climate_change.json
[2025-10-23T23:21:00.469+0000] {s3_utils.py:38} INFO - Successfully uploaded data to raw_content/climate_change.json
[2025-10-23T23:21:01.642+0000] {s3_utils.py:29} INFO - Attempting to upload data to s3://whofactsheet/raw_content/colorectal_cancer.json
[2025-10-23T23:21:03.155+0000] {s3_utils.py:38} INFO - Successfully uploaded data to raw_content/colorectal_cancer.json
[2025-10-23T23:21:04.137+0000] {s3_utils.py:29} INFO - Attempting to upload data to s3://whofactsheet/raw_content/commercial_determinants_of_health.json
[2025-10-23T23:21:05.606+0000] {s3_utils.py:38} INFO - Successfully uploaded data to raw_content/commercial_determinants_of_health.json
[2025-10-23T23:21:06.835+0000] {s3_utils.py:29} INFO - Attempting to upload data to s3://whofactsheet/raw_content/community-based_health_insurance.json
[2025-10-23T23:21:08.067+0000] {s3_utils.py:38} INFO - Successfully uploaded data to raw_content/community-based_health_insurance.json
[2025-10-23T23:21:09.052+0000] {s3_utils.py:29} INFO - Attempting to upload data to s3://whofactsheet/raw_content/condoms.json
[2025-10-23T23:21:10.410+0000] {s3_utils.py:38} INFO - Successfully uploaded data to raw_content/condoms.json
[2025-10-23T23:21:11.260+0000] {s3_utils.py:29} INFO - Attempting to upload data to s3://whofactsheet/raw_content/congenital_disorders.json
[2025-10-23T23:21:12.557+0000] {s3_utils.py:38} INFO - Successfully uploaded data to raw_content/congenital_disorders.json
[2025-10-23T23:21:13.538+0000] {s3_utils.py:29} INFO - Attempting to upload data to s3://whofactsheet/raw_content/coronavirus_disease_(covid-19).json
[2025-10-23T23:21:14.860+0000] {s3_utils.py:38} INFO - Successfully uploaded data to raw_content/coronavirus_disease_(covid-19).json
[2025-10-23T23:21:16.214+0000] {s3_utils.py:29} INFO - Attempting to upload data to s3://whofactsheet/raw_content/corporal_punishment_of_children_and_health.json
[2025-10-23T23:21:17.753+0000] {s3_utils.py:38} INFO - Successfully uploaded data to raw_content/corporal_punishment_of_children_and_health.json
[2025-10-23T23:21:18.931+0000] {s3_utils.py:29} INFO - Attempting to upload data to s3://whofactsheet/raw_content/crimean-congo_haemorrhagic_fever.json
[2025-10-23T23:21:20.281+0000] {s3_utils.py:38} INFO - Successfully uploaded data to raw_content/crimean-congo_haemorrhagic_fever.json
[2025-10-23T23:21:21.150+0000] {s3_utils.py:29} INFO - Attempting to upload data to s3://whofactsheet/raw_content/deafness_and_hearing_loss.json
[2025-10-23T23:21:22.744+0000] {s3_utils.py:38} INFO - Successfully uploaded data to raw_content/deafness_and_hearing_loss.json
[2025-10-23T23:21:23.820+0000] {s3_utils.py:29} INFO - Attempting to upload data to s3://whofactsheet/raw_content/deliberate_events.json
[2025-10-23T23:21:25.130+0000] {s3_utils.py:38} INFO - Successfully uploaded data to raw_content/deliberate_events.json
[2025-10-23T23:21:26.041+0000] {s3_utils.py:29} INFO - Attempting to upload data to s3://whofactsheet/raw_content/dementia.json
[2025-10-23T23:21:27.485+0000] {s3_utils.py:38} INFO - Successfully uploaded data to raw_content/dementia.json
[2025-10-23T23:21:28.451+0000] {s3_utils.py:29} INFO - Attempting to upload data to s3://whofactsheet/raw_content/dengue.json
[2025-10-23T23:21:29.740+0000] {s3_utils.py:38} INFO - Successfully uploaded data to raw_content/dengue.json
[2025-10-23T23:21:30.699+0000] {s3_utils.py:29} INFO - Attempting to upload data to s3://whofactsheet/raw_content/depressive_disorder_(depression).json
[2025-10-23T23:21:32.004+0000] {s3_utils.py:38} INFO - Successfully uploaded data to raw_content/depressive_disorder_(depression).json
[2025-10-23T23:21:33.048+0000] {s3_utils.py:29} INFO - Attempting to upload data to s3://whofactsheet/raw_content/diabetes.json
[2025-10-23T23:21:34.406+0000] {s3_utils.py:38} INFO - Successfully uploaded data to raw_content/diabetes.json
[2025-10-23T23:21:35.627+0000] {s3_utils.py:29} INFO - Attempting to upload data to s3://whofactsheet/raw_content/diarrhoeal_disease.json
[2025-10-23T23:21:36.896+0000] {s3_utils.py:38} INFO - Successfully uploaded data to raw_content/diarrhoeal_disease.json
[2025-10-23T23:21:37.967+0000] {s3_utils.py:29} INFO - Attempting to upload data to s3://whofactsheet/raw_content/dioxins.json
[2025-10-23T23:21:39.406+0000] {s3_utils.py:38} INFO - Successfully uploaded data to raw_content/dioxins.json
[2025-10-23T23:21:40.318+0000] {s3_utils.py:29} INFO - Attempting to upload data to s3://whofactsheet/raw_content/diphtheria.json
[2025-10-23T23:21:41.712+0000] {s3_utils.py:38} INFO - Successfully uploaded data to raw_content/diphtheria.json
[2025-10-23T23:21:42.541+0000] {s3_utils.py:29} INFO - Attempting to upload data to s3://whofactsheet/raw_content/disability.json
[2025-10-23T23:21:43.706+0000] {s3_utils.py:38} INFO - Successfully uploaded data to raw_content/disability.json
[2025-10-23T23:21:44.664+0000] {s3_utils.py:29} INFO - Attempting to upload data to s3://whofactsheet/raw_content/dracunculiasis_(guinea-worm_disease).json
[2025-10-23T23:21:45.889+0000] {s3_utils.py:38} INFO - Successfully uploaded data to raw_content/dracunculiasis_(guinea-worm_disease).json
[2025-10-23T23:21:46.806+0000] {s3_utils.py:29} INFO - Attempting to upload data to s3://whofactsheet/raw_content/drinking-water.json
[2025-10-23T23:21:48.303+0000] {s3_utils.py:38} INFO - Successfully uploaded data to raw_content/drinking-water.json
[2025-10-23T23:21:49.519+0000] {s3_utils.py:29} INFO - Attempting to upload data to s3://whofactsheet/raw_content/drowning.json
[2025-10-23T23:21:50.803+0000] {s3_utils.py:38} INFO - Successfully uploaded data to raw_content/drowning.json
[2025-10-23T23:21:52.086+0000] {s3_utils.py:29} INFO - Attempting to upload data to s3://whofactsheet/raw_content/e._coli.json
[2025-10-23T23:21:53.445+0000] {s3_utils.py:38} INFO - Successfully uploaded data to raw_content/e._coli.json
[2025-10-23T23:21:54.415+0000] {s3_utils.py:29} INFO - Attempting to upload data to s3://whofactsheet/raw_content/ebola_disease.json
[2025-10-23T23:21:55.872+0000] {s3_utils.py:38} INFO - Successfully uploaded data to raw_content/ebola_disease.json
[2025-10-23T23:21:56.707+0000] {s3_utils.py:29} INFO - Attempting to upload data to s3://whofactsheet/raw_content/echinococcosis.json
[2025-10-23T23:21:58.573+0000] {s3_utils.py:38} INFO - Successfully uploaded data to raw_content/echinococcosis.json
[2025-10-23T23:21:59.681+0000] {s3_utils.py:29} INFO - Attempting to upload data to s3://whofactsheet/raw_content/el_niño_southern_oscillation_(enso).json
[2025-10-23T23:22:00.892+0000] {s3_utils.py:38} INFO - Successfully uploaded data to raw_content/el_niño_southern_oscillation_(enso).json
[2025-10-23T23:22:02.100+0000] {s3_utils.py:29} INFO - Attempting to upload data to s3://whofactsheet/raw_content/electricity_in_health-care_facilities.json
[2025-10-23T23:22:03.308+0000] {s3_utils.py:38} INFO - Successfully uploaded data to raw_content/electricity_in_health-care_facilities.json
[2025-10-23T23:22:04.095+0000] {s3_utils.py:29} INFO - Attempting to upload data to s3://whofactsheet/raw_content/electronic_waste_(e-waste).json
[2025-10-23T23:22:05.301+0000] {s3_utils.py:38} INFO - Successfully uploaded data to raw_content/electronic_waste_(e-waste).json
[2025-10-23T23:22:06.086+0000] {s3_utils.py:29} INFO - Attempting to upload data to s3://whofactsheet/raw_content/emergency_contraception.json
[2025-10-23T23:22:07.268+0000] {s3_utils.py:38} INFO - Successfully uploaded data to raw_content/emergency_contraception.json
[2025-10-23T23:22:08.204+0000] {s3_utils.py:29} INFO - Attempting to upload data to s3://whofactsheet/raw_content/endometriosis.json
[2025-10-23T23:22:09.468+0000] {s3_utils.py:38} INFO - Successfully uploaded data to raw_content/endometriosis.json
[2025-10-23T23:22:10.222+0000] {s3_utils.py:29} INFO - Attempting to upload data to s3://whofactsheet/raw_content/epilepsy.json
[2025-10-23T23:22:11.390+0000] {s3_utils.py:38} INFO - Successfully uploaded data to raw_content/epilepsy.json
[2025-10-23T23:22:12.271+0000] {s3_utils.py:29} INFO - Attempting to upload data to s3://whofactsheet/raw_content/essential_medicines.json
[2025-10-23T23:22:13.565+0000] {s3_utils.py:38} INFO - Successfully uploaded data to raw_content/essential_medicines.json
[2025-10-23T23:22:14.664+0000] {s3_utils.py:29} INFO - Attempting to upload data to s3://whofactsheet/raw_content/falls.json
[2025-10-23T23:22:16.060+0000] {s3_utils.py:38} INFO - Successfully uploaded data to raw_content/falls.json
[2025-10-23T23:22:16.857+0000] {s3_utils.py:29} INFO - Attempting to upload data to s3://whofactsheet/raw_content/family_planningcontraception_methods.json
[2025-10-23T23:22:18.033+0000] {s3_utils.py:38} INFO - Successfully uploaded data to raw_content/family_planningcontraception_methods.json
[2025-10-23T23:22:18.894+0000] {s3_utils.py:29} INFO - Attempting to upload data to s3://whofactsheet/raw_content/female_genital_mutilation.json
[2025-10-23T23:22:20.120+0000] {s3_utils.py:38} INFO - Successfully uploaded data to raw_content/female_genital_mutilation.json
[2025-10-23T23:22:21.030+0000] {s3_utils.py:29} INFO - Attempting to upload data to s3://whofactsheet/raw_content/food_additives.json
[2025-10-23T23:22:22.515+0000] {s3_utils.py:38} INFO - Successfully uploaded data to raw_content/food_additives.json
[2025-10-23T23:22:23.450+0000] {s3_utils.py:29} INFO - Attempting to upload data to s3://whofactsheet/raw_content/food_safety.json
[2025-10-23T23:22:25.061+0000] {s3_utils.py:38} INFO - Successfully uploaded data to raw_content/food_safety.json
[2025-10-23T23:22:26.081+0000] {s3_utils.py:29} INFO - Attempting to upload data to s3://whofactsheet/raw_content/foodborne_trematode_infections.json
[2025-10-23T23:22:27.692+0000] {s3_utils.py:38} INFO - Successfully uploaded data to raw_content/foodborne_trematode_infections.json
[2025-10-23T23:22:28.691+0000] {s3_utils.py:29} INFO - Attempting to upload data to s3://whofactsheet/raw_content/fragility_fractures.json
[2025-10-23T23:22:29.958+0000] {s3_utils.py:38} INFO - Successfully uploaded data to raw_content/fragility_fractures.json
[2025-10-23T23:22:31.025+0000] {s3_utils.py:29} INFO - Attempting to upload data to s3://whofactsheet/raw_content/free_health_care_policies.json
[2025-10-23T23:22:32.423+0000] {s3_utils.py:38} INFO - Successfully uploaded data to raw_content/free_health_care_policies.json
[2025-10-23T23:22:33.349+0000] {s3_utils.py:29} INFO - Attempting to upload data to s3://whofactsheet/raw_content/gambling.json
[2025-10-23T23:22:34.802+0000] {s3_utils.py:38} INFO - Successfully uploaded data to raw_content/gambling.json
[2025-10-23T23:22:35.676+0000] {s3_utils.py:29} INFO - Attempting to upload data to s3://whofactsheet/raw_content/gonorrhoea_(neisseria_gonorrhoeae_infection).json
[2025-10-23T23:22:36.788+0000] {s3_utils.py:38} INFO - Successfully uploaded data to raw_content/gonorrhoea_(neisseria_gonorrhoeae_infection).json
[2025-10-23T23:22:37.865+0000] {s3_utils.py:29} INFO - Attempting to upload data to s3://whofactsheet/raw_content/guillain–barré_syndrome.json
[2025-10-23T23:22:39.275+0000] {s3_utils.py:38} INFO - Successfully uploaded data to raw_content/guillain–barré_syndrome.json
[2025-10-23T23:22:40.406+0000] {s3_utils.py:29} INFO - Attempting to upload data to s3://whofactsheet/raw_content/health_literacy.json
[2025-10-23T23:22:41.728+0000] {s3_utils.py:38} INFO - Successfully uploaded data to raw_content/health_literacy.json
[2025-10-23T23:22:42.737+0000] {s3_utils.py:29} INFO - Attempting to upload data to s3://whofactsheet/raw_content/health-care_waste.json
[2025-10-23T23:22:44.076+0000] {s3_utils.py:38} INFO - Successfully uploaded data to raw_content/health-care_waste.json
[2025-10-23T23:22:45.253+0000] {s3_utils.py:29} INFO - Attempting to upload data to s3://whofactsheet/raw_content/healthy_diet.json
[2025-10-23T23:22:46.824+0000] {s3_utils.py:38} INFO - Successfully uploaded data to raw_content/healthy_diet.json
[2025-10-23T23:22:47.847+0000] {s3_utils.py:29} INFO - Attempting to upload data to s3://whofactsheet/raw_content/heat_and_health.json
[2025-10-23T23:22:49.579+0000] {s3_utils.py:38} INFO - Successfully uploaded data to raw_content/heat_and_health.json
[2025-10-23T23:22:50.631+0000] {s3_utils.py:29} INFO - Attempting to upload data to s3://whofactsheet/raw_content/hepatitis_a.json
[2025-10-23T23:22:52.020+0000] {s3_utils.py:38} INFO - Successfully uploaded data to raw_content/hepatitis_a.json
[2025-10-23T23:22:53.158+0000] {s3_utils.py:29} INFO - Attempting to upload data to s3://whofactsheet/raw_content/hepatitis_b.json
[2025-10-23T23:22:54.565+0000] {s3_utils.py:38} INFO - Successfully uploaded data to raw_content/hepatitis_b.json
[2025-10-23T23:22:55.420+0000] {s3_utils.py:29} INFO - Attempting to upload data to s3://whofactsheet/raw_content/hepatitis_c.json
[2025-10-23T23:22:56.684+0000] {s3_utils.py:38} INFO - Successfully uploaded data to raw_content/hepatitis_c.json
[2025-10-23T23:22:57.705+0000] {s3_utils.py:29} INFO - Attempting to upload data to s3://whofactsheet/raw_content/hepatitis_d.json
[2025-10-23T23:22:59.006+0000] {s3_utils.py:38} INFO - Successfully uploaded data to raw_content/hepatitis_d.json
[2025-10-23T23:23:00.045+0000] {s3_utils.py:29} INFO - Attempting to upload data to s3://whofactsheet/raw_content/hepatitis_e.json
[2025-10-23T23:23:01.312+0000] {s3_utils.py:38} INFO - Successfully uploaded data to raw_content/hepatitis_e.json
[2025-10-23T23:23:02.262+0000] {s3_utils.py:29} INFO - Attempting to upload data to s3://whofactsheet/raw_content/herpes_simplex_virus.json
[2025-10-23T23:23:03.470+0000] {s3_utils.py:38} INFO - Successfully uploaded data to raw_content/herpes_simplex_virus.json
[2025-10-23T23:23:04.630+0000] {s3_utils.py:29} INFO - Attempting to upload data to s3://whofactsheet/raw_content/hiv_and_aids.json
[2025-10-23T23:23:05.877+0000] {s3_utils.py:38} INFO - Successfully uploaded data to raw_content/hiv_and_aids.json
[2025-10-23T23:23:06.888+0000] {s3_utils.py:29} INFO - Attempting to upload data to s3://whofactsheet/raw_content/hiv_drug_resistance.json
[2025-10-23T23:23:08.200+0000] {s3_utils.py:38} INFO - Successfully uploaded data to raw_content/hiv_drug_resistance.json
[2025-10-23T23:23:09.197+0000] {s3_utils.py:29} INFO - Attempting to upload data to s3://whofactsheet/raw_content/household_air_pollution.json
[2025-10-23T23:23:10.664+0000] {s3_utils.py:38} INFO - Successfully uploaded data to raw_content/household_air_pollution.json
[2025-10-23T23:23:11.486+0000] {s3_utils.py:29} INFO - Attempting to upload data to s3://whofactsheet/raw_content/human_papillomavirus_and_cancer.json
[2025-10-23T23:23:12.798+0000] {s3_utils.py:38} INFO - Successfully uploaded data to raw_content/human_papillomavirus_and_cancer.json
[2025-10-23T23:23:13.742+0000] {s3_utils.py:29} INFO - Attempting to upload data to s3://whofactsheet/raw_content/human_rights.json
[2025-10-23T23:23:15.140+0000] {s3_utils.py:38} INFO - Successfully uploaded data to raw_content/human_rights.json
[2025-10-23T23:23:16.206+0000] {s3_utils.py:29} INFO - Attempting to upload data to s3://whofactsheet/raw_content/human_t-lymphotropic_virus_type_1.json
[2025-10-23T23:23:17.585+0000] {s3_utils.py:38} INFO - Successfully uploaded data to raw_content/human_t-lymphotropic_virus_type_1.json
[2025-10-23T23:23:18.888+0000] {s3_utils.py:29} INFO - Attempting to upload data to s3://whofactsheet/raw_content/hypertension.json
[2025-10-23T23:23:20.239+0000] {s3_utils.py:38} INFO - Successfully uploaded data to raw_content/hypertension.json
[2025-10-23T23:23:21.599+0000] {s3_utils.py:29} INFO - Attempting to upload data to s3://whofactsheet/raw_content/icd-11.json
[2025-10-23T23:23:23.182+0000] {s3_utils.py:38} INFO - Successfully uploaded data to raw_content/icd-11.json
[2025-10-23T23:23:24.033+0000] {s3_utils.py:29} INFO - Attempting to upload data to s3://whofactsheet/raw_content/immunization_coverage.json
[2025-10-23T23:23:25.377+0000] {s3_utils.py:38} INFO - Successfully uploaded data to raw_content/immunization_coverage.json
[2025-10-23T23:23:26.157+0000] {s3_utils.py:29} INFO - Attempting to upload data to s3://whofactsheet/raw_content/infant_and_young_child_feeding.json
[2025-10-23T23:23:27.465+0000] {s3_utils.py:38} INFO - Successfully uploaded data to raw_content/infant_and_young_child_feeding.json
[2025-10-23T23:23:28.442+0000] {s3_utils.py:29} INFO - Attempting to upload data to s3://whofactsheet/raw_content/infertility.json
[2025-10-23T23:23:29.866+0000] {s3_utils.py:38} INFO - Successfully uploaded data to raw_content/infertility.json
[2025-10-23T23:23:30.972+0000] {s3_utils.py:29} INFO - Attempting to upload data to s3://whofactsheet/raw_content/influenza_(avian_and_other_zoonotic).json
[2025-10-23T23:23:32.338+0000] {s3_utils.py:38} INFO - Successfully uploaded data to raw_content/influenza_(avian_and_other_zoonotic).json
[2025-10-23T23:23:33.336+0000] {s3_utils.py:29} INFO - Attempting to upload data to s3://whofactsheet/raw_content/influenza_(seasonal).json
[2025-10-23T23:23:34.785+0000] {s3_utils.py:38} INFO - Successfully uploaded data to raw_content/influenza_(seasonal).json
[2025-10-23T23:23:35.636+0000] {s3_utils.py:29} INFO - Attempting to upload data to s3://whofactsheet/raw_content/injuries_and_violence.json
[2025-10-23T23:23:37.067+0000] {s3_utils.py:38} INFO - Successfully uploaded data to raw_content/injuries_and_violence.json
[2025-10-23T23:23:37.933+0000] {s3_utils.py:29} INFO - Attempting to upload data to s3://whofactsheet/raw_content/ionizing_radiation_and_health_effects.json
[2025-10-23T23:23:39.171+0000] {s3_utils.py:38} INFO - Successfully uploaded data to raw_content/ionizing_radiation_and_health_effects.json
[2025-10-23T23:23:44.134+0000] {s3_utils.py:29} INFO - Attempting to upload data to s3://whofactsheet/raw_content/japanese_encephalitis.json
[2025-10-23T23:23:45.527+0000] {s3_utils.py:38} INFO - Successfully uploaded data to raw_content/japanese_encephalitis.json
[2025-10-23T23:23:46.501+0000] {s3_utils.py:29} INFO - Attempting to upload data to s3://whofactsheet/raw_content/lassa_fever.json
[2025-10-23T23:23:47.767+0000] {s3_utils.py:38} INFO - Successfully uploaded data to raw_content/lassa_fever.json
[2025-10-23T23:23:48.547+0000] {s3_utils.py:29} INFO - Attempting to upload data to s3://whofactsheet/raw_content/lead_poisoning.json
[2025-10-23T23:23:49.908+0000] {s3_utils.py:38} INFO - Successfully uploaded data to raw_content/lead_poisoning.json
[2025-10-23T23:23:50.847+0000] {s3_utils.py:29} INFO - Attempting to upload data to s3://whofactsheet/raw_content/legionellosis.json
[2025-10-23T23:23:52.050+0000] {s3_utils.py:38} INFO - Successfully uploaded data to raw_content/legionellosis.json
[2025-10-23T23:23:53.015+0000] {s3_utils.py:29} INFO - Attempting to upload data to s3://whofactsheet/raw_content/leishmaniasis.json
[2025-10-23T23:23:54.679+0000] {s3_utils.py:38} INFO - Successfully uploaded data to raw_content/leishmaniasis.json
[2025-10-23T23:23:55.559+0000] {s3_utils.py:29} INFO - Attempting to upload data to s3://whofactsheet/raw_content/leprosy.json
[2025-10-23T23:23:56.935+0000] {s3_utils.py:38} INFO - Successfully uploaded data to raw_content/leprosy.json
[2025-10-23T23:23:58.001+0000] {s3_utils.py:29} INFO - Attempting to upload data to s3://whofactsheet/raw_content/listeriosis.json
[2025-10-23T23:23:59.561+0000] {s3_utils.py:38} INFO - Successfully uploaded data to raw_content/listeriosis.json
[2025-10-23T23:24:00.728+0000] {s3_utils.py:29} INFO - Attempting to upload data to s3://whofactsheet/raw_content/low_back_pain.json
[2025-10-23T23:24:02.338+0000] {s3_utils.py:38} INFO - Successfully uploaded data to raw_content/low_back_pain.json
[2025-10-23T23:24:03.620+0000] {s3_utils.py:29} INFO - Attempting to upload data to s3://whofactsheet/raw_content/lung_cancer.json
[2025-10-23T23:24:04.906+0000] {s3_utils.py:38} INFO - Successfully uploaded data to raw_content/lung_cancer.json
[2025-10-23T23:24:06.055+0000] {s3_utils.py:29} INFO - Attempting to upload data to s3://whofactsheet/raw_content/lymphatic_filariasis.json
[2025-10-23T23:24:07.278+0000] {s3_utils.py:38} INFO - Successfully uploaded data to raw_content/lymphatic_filariasis.json
[2025-10-23T23:24:08.109+0000] {s3_utils.py:29} INFO - Attempting to upload data to s3://whofactsheet/raw_content/malaria.json
[2025-10-23T23:24:09.662+0000] {s3_utils.py:38} INFO - Successfully uploaded data to raw_content/malaria.json
[2025-10-23T23:24:10.887+0000] {s3_utils.py:29} INFO - Attempting to upload data to s3://whofactsheet/raw_content/malnutrition.json
[2025-10-23T23:24:12.200+0000] {s3_utils.py:38} INFO - Successfully uploaded data to raw_content/malnutrition.json
[2025-10-23T23:24:13.364+0000] {s3_utils.py:29} INFO - Attempting to upload data to s3://whofactsheet/raw_content/marburg_virus_disease.json
[2025-10-23T23:24:14.633+0000] {s3_utils.py:38} INFO - Successfully uploaded data to raw_content/marburg_virus_disease.json
[2025-10-23T23:24:15.544+0000] {s3_utils.py:29} INFO - Attempting to upload data to s3://whofactsheet/raw_content/maternal_mortality.json
[2025-10-23T23:24:17.018+0000] {s3_utils.py:38} INFO - Successfully uploaded data to raw_content/maternal_mortality.json
[2025-10-23T23:24:17.952+0000] {s3_utils.py:29} INFO - Attempting to upload data to s3://whofactsheet/raw_content/measles.json
[2025-10-23T23:24:19.306+0000] {s3_utils.py:38} INFO - Successfully uploaded data to raw_content/measles.json
[2025-10-23T23:24:20.277+0000] {s3_utils.py:29} INFO - Attempting to upload data to s3://whofactsheet/raw_content/meningitis.json
[2025-10-23T23:24:21.601+0000] {s3_utils.py:38} INFO - Successfully uploaded data to raw_content/meningitis.json
[2025-10-23T23:24:22.558+0000] {s3_utils.py:29} INFO - Attempting to upload data to s3://whofactsheet/raw_content/menopause.json
[2025-10-23T23:24:23.685+0000] {s3_utils.py:38} INFO - Successfully uploaded data to raw_content/menopause.json
[2025-10-23T23:24:24.911+0000] {s3_utils.py:29} INFO - Attempting to upload data to s3://whofactsheet/raw_content/mental_disorders.json
[2025-10-23T23:24:26.251+0000] {s3_utils.py:38} INFO - Successfully uploaded data to raw_content/mental_disorders.json
[2025-10-23T23:24:27.168+0000] {s3_utils.py:29} INFO - Attempting to upload data to s3://whofactsheet/raw_content/mental_health.json
[2025-10-23T23:24:28.599+0000] {s3_utils.py:38} INFO - Successfully uploaded data to raw_content/mental_health.json
[2025-10-23T23:24:29.424+0000] {s3_utils.py:29} INFO - Attempting to upload data to s3://whofactsheet/raw_content/mental_health_at_work.json
[2025-10-23T23:24:30.689+0000] {s3_utils.py:38} INFO - Successfully uploaded data to raw_content/mental_health_at_work.json
[2025-10-23T23:24:31.749+0000] {s3_utils.py:29} INFO - Attempting to upload data to s3://whofactsheet/raw_content/mental_health_in_emergencies.json
[2025-10-23T23:24:33.053+0000] {s3_utils.py:38} INFO - Successfully uploaded data to raw_content/mental_health_in_emergencies.json
[2025-10-23T23:24:34.113+0000] {s3_utils.py:29} INFO - Attempting to upload data to s3://whofactsheet/raw_content/mental_health_of_adolescents.json
[2025-10-23T23:24:35.408+0000] {s3_utils.py:38} INFO - Successfully uploaded data to raw_content/mental_health_of_adolescents.json
[2025-10-23T23:24:36.414+0000] {s3_utils.py:29} INFO - Attempting to upload data to s3://whofactsheet/raw_content/mental_health_of_older_adults.json
[2025-10-23T23:24:37.643+0000] {s3_utils.py:38} INFO - Successfully uploaded data to raw_content/mental_health_of_older_adults.json
[2025-10-23T23:24:38.633+0000] {s3_utils.py:29} INFO - Attempting to upload data to s3://whofactsheet/raw_content/mercury.json
[2025-10-23T23:24:40.246+0000] {s3_utils.py:38} INFO - Successfully uploaded data to raw_content/mercury.json
[2025-10-23T23:24:41.189+0000] {s3_utils.py:29} INFO - Attempting to upload data to s3://whofactsheet/raw_content/middle_east_respiratory_syndrome_coronavirus_(mers-cov).json
[2025-10-23T23:24:42.526+0000] {s3_utils.py:38} INFO - Successfully uploaded data to raw_content/middle_east_respiratory_syndrome_coronavirus_(mers-cov).json
[2025-10-23T23:24:43.374+0000] {s3_utils.py:29} INFO - Attempting to upload data to s3://whofactsheet/raw_content/migraine_and_other_headache_disorders.json
[2025-10-23T23:24:44.700+0000] {s3_utils.py:38} INFO - Successfully uploaded data to raw_content/migraine_and_other_headache_disorders.json
[2025-10-23T23:24:45.726+0000] {s3_utils.py:29} INFO - Attempting to upload data to s3://whofactsheet/raw_content/millennium_development_goals_(mdgs).json
[2025-10-23T23:24:47.041+0000] {s3_utils.py:38} INFO - Successfully uploaded data to raw_content/millennium_development_goals_(mdgs).json
[2025-10-23T23:24:47.951+0000] {s3_utils.py:29} INFO - Attempting to upload data to s3://whofactsheet/raw_content/mpox.json
[2025-10-23T23:24:49.794+0000] {s3_utils.py:38} INFO - Successfully uploaded data to raw_content/mpox.json
[2025-10-23T23:24:50.673+0000] {s3_utils.py:29} INFO - Attempting to upload data to s3://whofactsheet/raw_content/multi-drug_resistant_gonorrhoea.json
[2025-10-23T23:24:51.939+0000] {s3_utils.py:38} INFO - Successfully uploaded data to raw_content/multi-drug_resistant_gonorrhoea.json
[2025-10-23T23:24:52.867+0000] {s3_utils.py:29} INFO - Attempting to upload data to s3://whofactsheet/raw_content/multiple_sclerosis.json
[2025-10-23T23:24:54.273+0000] {s3_utils.py:38} INFO - Successfully uploaded data to raw_content/multiple_sclerosis.json
[2025-10-23T23:24:55.499+0000] {s3_utils.py:29} INFO - Attempting to upload data to s3://whofactsheet/raw_content/musculoskeletal_health.json
[2025-10-23T23:24:57.022+0000] {s3_utils.py:38} INFO - Successfully uploaded data to raw_content/musculoskeletal_health.json
[2025-10-23T23:24:57.904+0000] {s3_utils.py:29} INFO - Attempting to upload data to s3://whofactsheet/raw_content/mycetoma.json
[2025-10-23T23:24:59.077+0000] {s3_utils.py:38} INFO - Successfully uploaded data to raw_content/mycetoma.json
[2025-10-23T23:24:59.987+0000] {s3_utils.py:29} INFO - Attempting to upload data to s3://whofactsheet/raw_content/mycotoxins.json
[2025-10-23T23:25:01.406+0000] {s3_utils.py:38} INFO - Successfully uploaded data to raw_content/mycotoxins.json
[2025-10-23T23:25:02.412+0000] {s3_utils.py:29} INFO - Attempting to upload data to s3://whofactsheet/raw_content/natural_toxins_in_food.json
[2025-10-23T23:25:03.697+0000] {s3_utils.py:38} INFO - Successfully uploaded data to raw_content/natural_toxins_in_food.json
[2025-10-23T23:25:04.572+0000] {s3_utils.py:29} INFO - Attempting to upload data to s3://whofactsheet/raw_content/newborn_mortality.json
[2025-10-23T23:25:05.888+0000] {s3_utils.py:38} INFO - Successfully uploaded data to raw_content/newborn_mortality.json
[2025-10-23T23:25:07.073+0000] {s3_utils.py:29} INFO - Attempting to upload data to s3://whofactsheet/raw_content/newborns:_improving_survival_and_well-being.json
[2025-10-23T23:25:08.288+0000] {s3_utils.py:38} INFO - Successfully uploaded data to raw_content/newborns:_improving_survival_and_well-being.json
[2025-10-23T23:25:09.181+0000] {s3_utils.py:29} INFO - Attempting to upload data to s3://whofactsheet/raw_content/nipah_virus.json
[2025-10-23T23:25:10.353+0000] {s3_utils.py:38} INFO - Successfully uploaded data to raw_content/nipah_virus.json
[2025-10-23T23:25:11.222+0000] {s3_utils.py:29} INFO - Attempting to upload data to s3://whofactsheet/raw_content/noma.json
[2025-10-23T23:25:12.705+0000] {s3_utils.py:38} INFO - Successfully uploaded data to raw_content/noma.json
[2025-10-23T23:25:13.704+0000] {s3_utils.py:29} INFO - Attempting to upload data to s3://whofactsheet/raw_content/noncommunicable_diseases.json
[2025-10-23T23:25:15.152+0000] {s3_utils.py:38} INFO - Successfully uploaded data to raw_content/noncommunicable_diseases.json
[2025-10-23T23:25:16.205+0000] {s3_utils.py:29} INFO - Attempting to upload data to s3://whofactsheet/raw_content/nursing_and_midwifery.json
[2025-10-23T23:25:17.497+0000] {s3_utils.py:38} INFO - Successfully uploaded data to raw_content/nursing_and_midwifery.json
[2025-10-23T23:25:18.260+0000] {s3_utils.py:29} INFO - Attempting to upload data to s3://whofactsheet/raw_content/obesity_and_overweight.json
[2025-10-23T23:25:19.537+0000] {s3_utils.py:38} INFO - Successfully uploaded data to raw_content/obesity_and_overweight.json
[2025-10-23T23:25:20.615+0000] {s3_utils.py:29} INFO - Attempting to upload data to s3://whofactsheet/raw_content/occupational_health:_health_workers.json
[2025-10-23T23:25:21.783+0000] {s3_utils.py:38} INFO - Successfully uploaded data to raw_content/occupational_health:_health_workers.json
[2025-10-23T23:25:22.595+0000] {s3_utils.py:29} INFO - Attempting to upload data to s3://whofactsheet/raw_content/older_children_and_young_adolescent_mortality_(5_to_14_years).json
[2025-10-23T23:25:23.978+0000] {s3_utils.py:38} INFO - Successfully uploaded data to raw_content/older_children_and_young_adolescent_mortality_(5_to_14_years).json
[2025-10-23T23:25:24.938+0000] {s3_utils.py:29} INFO - Attempting to upload data to s3://whofactsheet/raw_content/onchocerciasis.json
[2025-10-23T23:25:26.330+0000] {s3_utils.py:38} INFO - Successfully uploaded data to raw_content/onchocerciasis.json
[2025-10-23T23:25:27.357+0000] {s3_utils.py:29} INFO - Attempting to upload data to s3://whofactsheet/raw_content/one_health.json
[2025-10-23T23:25:28.866+0000] {s3_utils.py:38} INFO - Successfully uploaded data to raw_content/one_health.json
[2025-10-23T23:25:29.869+0000] {s3_utils.py:29} INFO - Attempting to upload data to s3://whofactsheet/raw_content/opioid_overdose.json
[2025-10-23T23:25:31.227+0000] {s3_utils.py:38} INFO - Successfully uploaded data to raw_content/opioid_overdose.json
[2025-10-23T23:25:32.357+0000] {s3_utils.py:29} INFO - Attempting to upload data to s3://whofactsheet/raw_content/oral_health.json
[2025-10-23T23:25:33.694+0000] {s3_utils.py:38} INFO - Successfully uploaded data to raw_content/oral_health.json
[2025-10-23T23:25:34.642+0000] {s3_utils.py:29} INFO - Attempting to upload data to s3://whofactsheet/raw_content/oropouche_virus_disease.json
[2025-10-23T23:25:36.052+0000] {s3_utils.py:38} INFO - Successfully uploaded data to raw_content/oropouche_virus_disease.json
[2025-10-23T23:25:36.936+0000] {s3_utils.py:29} INFO - Attempting to upload data to s3://whofactsheet/raw_content/osteoarthritis.json
[2025-10-23T23:25:38.201+0000] {s3_utils.py:38} INFO - Successfully uploaded data to raw_content/osteoarthritis.json
[2025-10-23T23:25:39.191+0000] {s3_utils.py:29} INFO - Attempting to upload data to s3://whofactsheet/raw_content/palliative_care.json
[2025-10-23T23:25:40.521+0000] {s3_utils.py:38} INFO - Successfully uploaded data to raw_content/palliative_care.json
[2025-10-23T23:25:41.305+0000] {s3_utils.py:29} INFO - Attempting to upload data to s3://whofactsheet/raw_content/parkinson_disease.json
[2025-10-23T23:25:42.526+0000] {s3_utils.py:38} INFO - Successfully uploaded data to raw_content/parkinson_disease.json
[2025-10-23T23:25:43.312+0000] {s3_utils.py:29} INFO - Attempting to upload data to s3://whofactsheet/raw_content/patient_safety.json
[2025-10-23T23:25:44.665+0000] {s3_utils.py:38} INFO - Successfully uploaded data to raw_content/patient_safety.json
[2025-10-23T23:25:45.736+0000] {s3_utils.py:29} INFO - Attempting to upload data to s3://whofactsheet/raw_content/pesticide_residues_in_food.json
[2025-10-23T23:25:48.209+0000] {s3_utils.py:38} INFO - Successfully uploaded data to raw_content/pesticide_residues_in_food.json
[2025-10-23T23:25:49.280+0000] {s3_utils.py:29} INFO - Attempting to upload data to s3://whofactsheet/raw_content/physical_activity.json
[2025-10-23T23:25:50.682+0000] {s3_utils.py:38} INFO - Successfully uploaded data to raw_content/physical_activity.json
[2025-10-23T23:25:51.704+0000] {s3_utils.py:29} INFO - Attempting to upload data to s3://whofactsheet/raw_content/plague.json
[2025-10-23T23:25:52.945+0000] {s3_utils.py:38} INFO - Successfully uploaded data to raw_content/plague.json
[2025-10-23T23:25:53.822+0000] {s3_utils.py:29} INFO - Attempting to upload data to s3://whofactsheet/raw_content/pneumonia_in_children.json
[2025-10-23T23:25:55.231+0000] {s3_utils.py:38} INFO - Successfully uploaded data to raw_content/pneumonia_in_children.json
[2025-10-23T23:25:56.110+0000] {s3_utils.py:29} INFO - Attempting to upload data to s3://whofactsheet/raw_content/podoconiosis_(non-filarial_lymphoedema).json
[2025-10-23T23:25:57.373+0000] {s3_utils.py:38} INFO - Successfully uploaded data to raw_content/podoconiosis_(non-filarial_lymphoedema).json
[2025-10-23T23:25:58.439+0000] {s3_utils.py:29} INFO - Attempting to upload data to s3://whofactsheet/raw_content/poliomyelitis.json
[2025-10-23T23:25:59.609+0000] {s3_utils.py:38} INFO - Successfully uploaded data to raw_content/poliomyelitis.json
[2025-10-23T23:26:00.581+0000] {s3_utils.py:29} INFO - Attempting to upload data to s3://whofactsheet/raw_content/polycystic_ovary_syndrome.json
[2025-10-23T23:26:02.003+0000] {s3_utils.py:38} INFO - Successfully uploaded data to raw_content/polycystic_ovary_syndrome.json
[2025-10-23T23:26:02.893+0000] {s3_utils.py:29} INFO - Attempting to upload data to s3://whofactsheet/raw_content/post_covid-19_condition_(long_covid).json
[2025-10-23T23:26:04.190+0000] {s3_utils.py:38} INFO - Successfully uploaded data to raw_content/post_covid-19_condition_(long_covid).json
[2025-10-23T23:26:05.024+0000] {s3_utils.py:29} INFO - Attempting to upload data to s3://whofactsheet/raw_content/post-traumatic_stress_disorder.json
[2025-10-23T23:26:06.309+0000] {s3_utils.py:38} INFO - Successfully uploaded data to raw_content/post-traumatic_stress_disorder.json
[2025-10-23T23:26:07.300+0000] {s3_utils.py:29} INFO - Attempting to upload data to s3://whofactsheet/raw_content/pre-eclampsia.json
[2025-10-23T23:26:08.558+0000] {s3_utils.py:38} INFO - Successfully uploaded data to raw_content/pre-eclampsia.json
[2025-10-23T23:26:09.373+0000] {s3_utils.py:29} INFO - Attempting to upload data to s3://whofactsheet/raw_content/prequalification_of_medicines_by_who.json
[2025-10-23T23:26:10.490+0000] {s3_utils.py:38} INFO - Successfully uploaded data to raw_content/prequalification_of_medicines_by_who.json
[2025-10-23T23:26:11.324+0000] {s3_utils.py:29} INFO - Attempting to upload data to s3://whofactsheet/raw_content/preterm_birth.json
[2025-10-23T23:26:13.087+0000] {s3_utils.py:38} INFO - Successfully uploaded data to raw_content/preterm_birth.json
[2025-10-23T23:26:14.154+0000] {s3_utils.py:29} INFO - Attempting to upload data to s3://whofactsheet/raw_content/primary_health_care.json
[2025-10-23T23:26:15.535+0000] {s3_utils.py:38} INFO - Successfully uploaded data to raw_content/primary_health_care.json
[2025-10-23T23:26:16.498+0000] {s3_utils.py:29} INFO - Attempting to upload data to s3://whofactsheet/raw_content/protecting_workers'_health.json
[2025-10-23T23:26:17.897+0000] {s3_utils.py:38} INFO - Successfully uploaded data to raw_content/protecting_workers'_health.json
[2025-10-23T23:26:18.847+0000] {s3_utils.py:29} INFO - Attempting to upload data to s3://whofactsheet/raw_content/quality_health_services.json
[2025-10-23T23:26:20.123+0000] {s3_utils.py:38} INFO - Successfully uploaded data to raw_content/quality_health_services.json
[2025-10-23T23:26:21.235+0000] {s3_utils.py:29} INFO - Attempting to upload data to s3://whofactsheet/raw_content/rabies.json
[2025-10-23T23:26:22.471+0000] {s3_utils.py:38} INFO - Successfully uploaded data to raw_content/rabies.json
[2025-10-23T23:26:23.546+0000] {s3_utils.py:29} INFO - Attempting to upload data to s3://whofactsheet/raw_content/radon.json
[2025-10-23T23:26:24.798+0000] {s3_utils.py:38} INFO - Successfully uploaded data to raw_content/radon.json
[2025-10-23T23:26:25.650+0000] {s3_utils.py:29} INFO - Attempting to upload data to s3://whofactsheet/raw_content/refugee_and_migrant_health.json
[2025-10-23T23:26:26.892+0000] {s3_utils.py:38} INFO - Successfully uploaded data to raw_content/refugee_and_migrant_health.json
[2025-10-23T23:26:27.698+0000] {s3_utils.py:29} INFO - Attempting to upload data to s3://whofactsheet/raw_content/refugee_and_migrant_mental_health.json
[2025-10-23T23:26:29.046+0000] {s3_utils.py:38} INFO - Successfully uploaded data to raw_content/refugee_and_migrant_mental_health.json
[2025-10-23T23:26:30.114+0000] {s3_utils.py:29} INFO - Attempting to upload data to s3://whofactsheet/raw_content/rehabilitation.json
[2025-10-23T23:26:31.679+0000] {s3_utils.py:38} INFO - Successfully uploaded data to raw_content/rehabilitation.json
[2025-10-23T23:26:32.583+0000] {s3_utils.py:29} INFO - Attempting to upload data to s3://whofactsheet/raw_content/respiratory_syncytial_virus_(rsv).json
[2025-10-23T23:26:33.897+0000] {s3_utils.py:38} INFO - Successfully uploaded data to raw_content/respiratory_syncytial_virus_(rsv).json
[2025-10-23T23:26:34.714+0000] {s3_utils.py:29} INFO - Attempting to upload data to s3://whofactsheet/raw_content/rheumatic_heart_disease.json
[2025-10-23T23:26:35.952+0000] {s3_utils.py:38} INFO - Successfully uploaded data to raw_content/rheumatic_heart_disease.json
[2025-10-23T23:26:36.961+0000] {s3_utils.py:29} INFO - Attempting to upload data to s3://whofactsheet/raw_content/rheumatoid_arthritis.json
[2025-10-23T23:26:38.396+0000] {s3_utils.py:38} INFO - Successfully uploaded data to raw_content/rheumatoid_arthritis.json
[2025-10-23T23:26:39.268+0000] {s3_utils.py:29} INFO - Attempting to upload data to s3://whofactsheet/raw_content/rift_valley_fever.json
[2025-10-23T23:26:40.577+0000] {s3_utils.py:38} INFO - Successfully uploaded data to raw_content/rift_valley_fever.json
[2025-10-23T23:26:41.523+0000] {s3_utils.py:29} INFO - Attempting to upload data to s3://whofactsheet/raw_content/ringworm_(tinea).json
[2025-10-23T23:26:42.623+0000] {s3_utils.py:38} INFO - Successfully uploaded data to raw_content/ringworm_(tinea).json
[2025-10-23T23:26:43.462+0000] {s3_utils.py:29} INFO - Attempting to upload data to s3://whofactsheet/raw_content/road_traffic_injuries.json
[2025-10-23T23:26:44.661+0000] {s3_utils.py:38} INFO - Successfully uploaded data to raw_content/road_traffic_injuries.json
[2025-10-23T23:26:45.442+0000] {s3_utils.py:29} INFO - Attempting to upload data to s3://whofactsheet/raw_content/rubella.json
[2025-10-23T23:26:46.674+0000] {s3_utils.py:38} INFO - Successfully uploaded data to raw_content/rubella.json
[2025-10-23T23:26:47.535+0000] {s3_utils.py:29} INFO - Attempting to upload data to s3://whofactsheet/raw_content/salmonella_(non-typhoidal).json
[2025-10-23T23:26:48.841+0000] {s3_utils.py:38} INFO - Successfully uploaded data to raw_content/salmonella_(non-typhoidal).json
[2025-10-23T23:26:49.871+0000] {s3_utils.py:29} INFO - Attempting to upload data to s3://whofactsheet/raw_content/sand_and_dust_storms.json
[2025-10-23T23:26:51.474+0000] {s3_utils.py:38} INFO - Successfully uploaded data to raw_content/sand_and_dust_storms.json
[2025-10-23T23:26:52.532+0000] {s3_utils.py:29} INFO - Attempting to upload data to s3://whofactsheet/raw_content/sanitation.json
[2025-10-23T23:26:53.974+0000] {s3_utils.py:38} INFO - Successfully uploaded data to raw_content/sanitation.json
[2025-10-23T23:26:54.889+0000] {s3_utils.py:29} INFO - Attempting to upload data to s3://whofactsheet/raw_content/scabies.json
[2025-10-23T23:26:56.261+0000] {s3_utils.py:38} INFO - Successfully uploaded data to raw_content/scabies.json
[2025-10-23T23:26:57.430+0000] {s3_utils.py:29} INFO - Attempting to upload data to s3://whofactsheet/raw_content/schistosomiasis.json
[2025-10-23T23:26:59.256+0000] {s3_utils.py:38} INFO - Successfully uploaded data to raw_content/schistosomiasis.json
[2025-10-23T23:27:00.193+0000] {s3_utils.py:29} INFO - Attempting to upload data to s3://whofactsheet/raw_content/schizophrenia.json
[2025-10-23T23:27:01.565+0000] {s3_utils.py:38} INFO - Successfully uploaded data to raw_content/schizophrenia.json
[2025-10-23T23:27:02.344+0000] {s3_utils.py:29} INFO - Attempting to upload data to s3://whofactsheet/raw_content/self-care_for_health_and_well-being.json
[2025-10-23T23:27:03.837+0000] {s3_utils.py:38} INFO - Successfully uploaded data to raw_content/self-care_for_health_and_well-being.json
[2025-10-23T23:27:04.875+0000] {s3_utils.py:29} INFO - Attempting to upload data to s3://whofactsheet/raw_content/sepsis.json
[2025-10-23T23:27:06.282+0000] {s3_utils.py:38} INFO - Successfully uploaded data to raw_content/sepsis.json
[2025-10-23T23:27:07.108+0000] {s3_utils.py:29} INFO - Attempting to upload data to s3://whofactsheet/raw_content/sexually_transmitted_infections_(stis).json
[2025-10-23T23:27:08.324+0000] {s3_utils.py:38} INFO - Successfully uploaded data to raw_content/sexually_transmitted_infections_(stis).json
[2025-10-23T23:27:09.439+0000] {s3_utils.py:29} INFO - Attempting to upload data to s3://whofactsheet/raw_content/shingles_(herpes_zoster).json
[2025-10-23T23:27:10.869+0000] {s3_utils.py:38} INFO - Successfully uploaded data to raw_content/shingles_(herpes_zoster).json
[2025-10-23T23:27:11.968+0000] {s3_utils.py:29} INFO - Attempting to upload data to s3://whofactsheet/raw_content/sickle-cell_disease.json
[2025-10-23T23:27:13.411+0000] {s3_utils.py:38} INFO - Successfully uploaded data to raw_content/sickle-cell_disease.json
[2025-10-23T23:27:14.285+0000] {s3_utils.py:29} INFO - Attempting to upload data to s3://whofactsheet/raw_content/snakebite_envenoming.json
[2025-10-23T23:27:15.650+0000] {s3_utils.py:38} INFO - Successfully uploaded data to raw_content/snakebite_envenoming.json
[2025-10-23T23:27:16.510+0000] {s3_utils.py:29} INFO - Attempting to upload data to s3://whofactsheet/raw_content/social_determinants_of_health.json
[2025-10-23T23:27:17.827+0000] {s3_utils.py:38} INFO - Successfully uploaded data to raw_content/social_determinants_of_health.json
[2025-10-23T23:27:18.737+0000] {s3_utils.py:29} INFO - Attempting to upload data to s3://whofactsheet/raw_content/sodium_reduction.json
[2025-10-23T23:27:20.271+0000] {s3_utils.py:38} INFO - Successfully uploaded data to raw_content/sodium_reduction.json
[2025-10-23T23:27:21.320+0000] {s3_utils.py:29} INFO - Attempting to upload data to s3://whofactsheet/raw_content/soil-transmitted_helminth_infections.json
[2025-10-23T23:27:22.880+0000] {s3_utils.py:38} INFO - Successfully uploaded data to raw_content/soil-transmitted_helminth_infections.json
[2025-10-23T23:27:23.917+0000] {s3_utils.py:29} INFO - Attempting to upload data to s3://whofactsheet/raw_content/spinal_cord_injury.json
[2025-10-23T23:27:25.223+0000] {s3_utils.py:38} INFO - Successfully uploaded data to raw_content/spinal_cord_injury.json
[2025-10-23T23:27:26.101+0000] {s3_utils.py:29} INFO - Attempting to upload data to s3://whofactsheet/raw_content/sporotrichosis.json
[2025-10-23T23:27:48.717+0000] {s3_utils.py:38} INFO - Successfully uploaded data to raw_content/sporotrichosis.json
[2025-10-23T23:27:49.713+0000] {s3_utils.py:29} INFO - Attempting to upload data to s3://whofactsheet/raw_content/substandard_and_falsified_medical_products.json
[2025-10-23T23:27:51.060+0000] {s3_utils.py:38} INFO - Successfully uploaded data to raw_content/substandard_and_falsified_medical_products.json
[2025-10-23T23:27:51.957+0000] {s3_utils.py:29} INFO - Attempting to upload data to s3://whofactsheet/raw_content/sugars_and_dental_caries.json
[2025-10-23T23:27:53.233+0000] {s3_utils.py:38} INFO - Successfully uploaded data to raw_content/sugars_and_dental_caries.json
[2025-10-23T23:27:54.065+0000] {s3_utils.py:29} INFO - Attempting to upload data to s3://whofactsheet/raw_content/suicide.json
[2025-10-23T23:27:55.236+0000] {s3_utils.py:38} INFO - Successfully uploaded data to raw_content/suicide.json
[2025-10-23T23:27:56.076+0000] {s3_utils.py:29} INFO - Attempting to upload data to s3://whofactsheet/raw_content/syphilis.json
[2025-10-23T23:27:57.453+0000] {s3_utils.py:38} INFO - Successfully uploaded data to raw_content/syphilis.json
[2025-10-23T23:27:58.389+0000] {s3_utils.py:29} INFO - Attempting to upload data to s3://whofactsheet/raw_content/taeniasiscysticercosis.json
[2025-10-23T23:27:59.650+0000] {s3_utils.py:38} INFO - Successfully uploaded data to raw_content/taeniasiscysticercosis.json
[2025-10-23T23:28:00.440+0000] {s3_utils.py:29} INFO - Attempting to upload data to s3://whofactsheet/raw_content/tetanus.json
[2025-10-23T23:28:01.851+0000] {s3_utils.py:38} INFO - Successfully uploaded data to raw_content/tetanus.json
[2025-10-23T23:28:02.682+0000] {s3_utils.py:29} INFO - Attempting to upload data to s3://whofactsheet/raw_content/the_top_10_causes_of_death.json
[2025-10-23T23:28:03.913+0000] {s3_utils.py:38} INFO - Successfully uploaded data to raw_content/the_top_10_causes_of_death.json
[2025-10-23T23:28:04.968+0000] {s3_utils.py:29} INFO - Attempting to upload data to s3://whofactsheet/raw_content/tobacco.json
[2025-10-23T23:28:06.271+0000] {s3_utils.py:38} INFO - Successfully uploaded data to raw_content/tobacco.json
[2025-10-23T23:28:07.090+0000] {s3_utils.py:29} INFO - Attempting to upload data to s3://whofactsheet/raw_content/trachoma.json
[2025-10-23T23:28:08.320+0000] {s3_utils.py:38} INFO - Successfully uploaded data to raw_content/trachoma.json
[2025-10-23T23:28:09.276+0000] {s3_utils.py:29} INFO - Attempting to upload data to s3://whofactsheet/raw_content/trans_fat.json
[2025-10-23T23:28:10.461+0000] {s3_utils.py:38} INFO - Successfully uploaded data to raw_content/trans_fat.json
[2025-10-23T23:28:11.508+0000] {s3_utils.py:29} INFO - Attempting to upload data to s3://whofactsheet/raw_content/trichomoniasis.json
[2025-10-23T23:28:12.736+0000] {s3_utils.py:38} INFO - Successfully uploaded data to raw_content/trichomoniasis.json
[2025-10-23T23:28:13.982+0000] {s3_utils.py:29} INFO - Attempting to upload data to s3://whofactsheet/raw_content/trypanosomiasis,_human_african_(sleeping_sickness).json
[2025-10-23T23:28:15.371+0000] {s3_utils.py:38} INFO - Successfully uploaded data to raw_content/trypanosomiasis,_human_african_(sleeping_sickness).json
[2025-10-23T23:28:16.659+0000] {s3_utils.py:29} INFO - Attempting to upload data to s3://whofactsheet/raw_content/tuberculosis.json
[2025-10-23T23:28:17.927+0000] {s3_utils.py:38} INFO - Successfully uploaded data to raw_content/tuberculosis.json
[2025-10-23T23:28:18.884+0000] {s3_utils.py:29} INFO - Attempting to upload data to s3://whofactsheet/raw_content/tungiasis.json
[2025-10-23T23:28:20.260+0000] {s3_utils.py:38} INFO - Successfully uploaded data to raw_content/tungiasis.json
[2025-10-23T23:28:21.095+0000] {s3_utils.py:29} INFO - Attempting to upload data to s3://whofactsheet/raw_content/typhoid.json
[2025-10-23T23:28:22.400+0000] {s3_utils.py:38} INFO - Successfully uploaded data to raw_content/typhoid.json
[2025-10-23T23:28:23.183+0000] {s3_utils.py:29} INFO - Attempting to upload data to s3://whofactsheet/raw_content/ultraviolet_radiation.json
[2025-10-23T23:28:24.440+0000] {s3_utils.py:38} INFO - Successfully uploaded data to raw_content/ultraviolet_radiation.json
[2025-10-23T23:28:25.697+0000] {s3_utils.py:29} INFO - Attempting to upload data to s3://whofactsheet/raw_content/universal_health_coverage_(uhc).json
[2025-10-23T23:28:26.939+0000] {s3_utils.py:38} INFO - Successfully uploaded data to raw_content/universal_health_coverage_(uhc).json
[2025-10-23T23:28:27.940+0000] {s3_utils.py:29} INFO - Attempting to upload data to s3://whofactsheet/raw_content/urban_health.json
[2025-10-23T23:28:29.371+0000] {s3_utils.py:38} INFO - Successfully uploaded data to raw_content/urban_health.json
[2025-10-23T23:28:30.422+0000] {s3_utils.py:29} INFO - Attempting to upload data to s3://whofactsheet/raw_content/vector-borne_diseases.json
[2025-10-23T23:28:32.457+0000] {s3_utils.py:38} INFO - Successfully uploaded data to raw_content/vector-borne_diseases.json
[2025-10-23T23:28:33.458+0000] {s3_utils.py:29} INFO - Attempting to upload data to s3://whofactsheet/raw_content/violence_against_children.json
[2025-10-23T23:28:35.143+0000] {s3_utils.py:38} INFO - Successfully uploaded data to raw_content/violence_against_children.json
[2025-10-23T23:28:36.018+0000] {s3_utils.py:29} INFO - Attempting to upload data to s3://whofactsheet/raw_content/violence_against_women.json
[2025-10-23T23:28:37.584+0000] {s3_utils.py:38} INFO - Successfully uploaded data to raw_content/violence_against_women.json
[2025-10-23T23:28:38.533+0000] {s3_utils.py:29} INFO - Attempting to upload data to s3://whofactsheet/raw_content/west_nile_virus.json
[2025-10-23T23:28:40.057+0000] {s3_utils.py:38} INFO - Successfully uploaded data to raw_content/west_nile_virus.json
[2025-10-23T23:28:41.227+0000] {s3_utils.py:29} INFO - Attempting to upload data to s3://whofactsheet/raw_content/white_phosphorus.json
[2025-10-23T23:28:42.408+0000] {s3_utils.py:38} INFO - Successfully uploaded data to raw_content/white_phosphorus.json
[2025-10-23T23:28:43.678+0000] {s3_utils.py:29} INFO - Attempting to upload data to s3://whofactsheet/raw_content/yaws.json
[2025-10-23T23:28:45.163+0000] {s3_utils.py:38} INFO - Successfully uploaded data to raw_content/yaws.json
[2025-10-23T23:28:46.210+0000] {s3_utils.py:29} INFO - Attempting to upload data to s3://whofactsheet/raw_content/yellow_fever.json
[2025-10-23T23:28:47.913+0000] {s3_utils.py:38} INFO - Successfully uploaded data to raw_content/yellow_fever.json
[2025-10-23T23:28:48.790+0000] {s3_utils.py:29} INFO - Attempting to upload data to s3://whofactsheet/raw_content/youth_violence.json
[2025-10-23T23:28:50.158+0000] {s3_utils.py:38} INFO - Successfully uploaded data to raw_content/youth_violence.json
[2025-10-23T23:28:51.143+0000] {s3_utils.py:29} INFO - Attempting to upload data to s3://whofactsheet/raw_content/zika_virus.json
[2025-10-23T23:28:52.557+0000] {s3_utils.py:38} INFO - Successfully uploaded data to raw_content/zika_virus.json
[2025-10-23T23:28:53.609+0000] {s3_utils.py:29} INFO - Attempting to upload data to s3://whofactsheet/raw_content/zoonoses.json
[2025-10-23T23:28:54.943+0000] {s3_utils.py:38} INFO - Successfully uploaded data to raw_content/zoonoses.json
[2025-10-23T23:28:54.948+0000] {python.py:201} INFO - Done. Returned value was: None
[2025-10-23T23:28:54.968+0000] {taskinstance.py:1138} INFO - Marking task as SUCCESS. dag_id=who_data_rag_ingestion_pipeline, task_id=content_scraper, execution_date=20251023T231417, start_date=20251023T231918, end_date=20251023T232854
[2025-10-23T23:28:55.040+0000] {local_task_job_runner.py:234} INFO - Task exited with return code 0
[2025-10-23T23:28:55.082+0000] {taskinstance.py:3280} INFO - 1 downstream tasks scheduled from follow-on schedule check
