[2025-10-24T15:34:02.609+0000] {taskinstance.py:1956} INFO - Dependencies all met for dep_context=non-requeueable deps ti=<TaskInstance: who_data_rag_ingestion_pipeline.chroma_embedder manual__2025-10-24T13:51:55.416507+00:00 [queued]>
[2025-10-24T15:34:02.631+0000] {taskinstance.py:1956} INFO - Dependencies all met for dep_context=requeueable deps ti=<TaskInstance: who_data_rag_ingestion_pipeline.chroma_embedder manual__2025-10-24T13:51:55.416507+00:00 [queued]>
[2025-10-24T15:34:02.633+0000] {taskinstance.py:2170} INFO - Starting attempt 2 of 2
[2025-10-24T15:34:02.663+0000] {taskinstance.py:2191} INFO - Executing <Task(_PythonDecoratedOperator): chroma_embedder> on 2025-10-24 13:51:55.416507+00:00
[2025-10-24T15:34:02.673+0000] {standard_task_runner.py:60} INFO - Started process 5361 to run task
[2025-10-24T15:34:02.680+0000] {standard_task_runner.py:87} INFO - Running: ['airflow', 'tasks', 'run', 'who_data_rag_ingestion_pipeline', 'chroma_embedder', 'manual__2025-10-24T13:51:55.416507+00:00', '--job-id', '8', '--raw', '--subdir', 'DAGS_FOLDER/ingest.py', '--cfg-path', '/tmp/tmpdl690pqt']
[2025-10-24T15:34:02.682+0000] {standard_task_runner.py:88} INFO - Job 8: Subtask chroma_embedder
[2025-10-24T15:34:02.712+0000] {logging_mixin.py:188} WARNING - /home/airflow/.local/lib/python3.9/site-packages/airflow/settings.py:194 DeprecationWarning: The sql_alchemy_conn option in [core] has been moved to the sql_alchemy_conn option in [database] - the old setting has been used, but please update your config.
[2025-10-24T15:34:02.783+0000] {task_command.py:423} INFO - Running <TaskInstance: who_data_rag_ingestion_pipeline.chroma_embedder manual__2025-10-24T13:51:55.416507+00:00 [running]> on host 6427600991b4
[2025-10-24T15:34:02.918+0000] {taskinstance.py:2480} INFO - Exporting env vars: AIRFLOW_CTX_DAG_OWNER='airflow' AIRFLOW_CTX_DAG_ID='who_data_rag_ingestion_pipeline' AIRFLOW_CTX_TASK_ID='chroma_embedder' AIRFLOW_CTX_EXECUTION_DATE='2025-10-24T13:51:55.416507+00:00' AIRFLOW_CTX_TRY_NUMBER='2' AIRFLOW_CTX_DAG_RUN_ID='manual__2025-10-24T13:51:55.416507+00:00'
[2025-10-24T15:34:02.922+0000] {data_processor.py:186} INFO - Embedding only updated or new topic documents into Chroma...
[2025-10-24T15:34:02.923+0000] {s3_utils.py:48} INFO - Attempting to download s3://whofactsheet/app/chroma_db_files/chroma.sqlite
[2025-10-24T15:34:05.035+0000] {s3_utils.py:60} WARNING - S3 object not found: app/chroma_db_files/chroma.sqlite
[2025-10-24T15:34:05.038+0000] {data_processor.py:197} INFO - S3 doesn't have chromadb file, creating new chromadb
[2025-10-24T15:34:05.066+0000] {posthog.py:22} INFO - Anonymized telemetry enabled. See                     https://docs.trychroma.com/telemetry for more information.
[2025-10-24T15:34:06.671+0000] {s3_utils.py:82} INFO - Successfully loaded data
[2025-10-24T15:34:06.674+0000] {s3_utils.py:48} INFO - Attempting to download s3://whofactsheet/processed/abortion.json
[2025-10-24T15:34:07.553+0000] {s3_utils.py:56} INFO - Successfully downloaded processed/abortion.json
[2025-10-24T15:34:07.558+0000] {taskinstance.py:2698} ERROR - Task failed with exception
Traceback (most recent call last):
  File "/home/airflow/.local/lib/python3.9/site-packages/airflow/models/taskinstance.py", line 433, in _execute_task
    result = execute_callable(context=context, **execute_callable_kwargs)
  File "/home/airflow/.local/lib/python3.9/site-packages/airflow/decorators/base.py", line 241, in execute
    return_value = super().execute(context)
  File "/home/airflow/.local/lib/python3.9/site-packages/airflow/operators/python.py", line 199, in execute
    return_value = self.execute_callable()
  File "/home/airflow/.local/lib/python3.9/site-packages/airflow/operators/python.py", line 216, in execute_callable
    return self.python_callable(*self.op_args, **self.op_kwargs)
  File "/opt/airflow/dags/ingest.py", line 41, in embed_and_upload
    embed_and_upload_chroma()
  File "/opt/airflow/scripts/data_processor.py", line 227, in embed_and_upload_chroma
    all_data = collection.get(include=["data"])
  File "/home/airflow/.local/lib/python3.9/site-packages/chromadb/api/models/Collection.py", line 128, in get
    get_request = self._validate_and_prepare_get_request(
  File "/home/airflow/.local/lib/python3.9/site-packages/chromadb/api/models/CollectionCommon.py", line 103, in wrapper
    return func(self, *args, **kwargs)
  File "/home/airflow/.local/lib/python3.9/site-packages/chromadb/api/models/CollectionCommon.py", line 277, in _validate_and_prepare_get_request
    raise ValueError(
ValueError: You must set a data loader on the collection if loading from URIs. in get.
[2025-10-24T15:34:07.582+0000] {taskinstance.py:1138} INFO - Marking task as FAILED. dag_id=who_data_rag_ingestion_pipeline, task_id=chroma_embedder, execution_date=20251024T135155, start_date=20251024T153402, end_date=20251024T153407
[2025-10-24T15:34:07.607+0000] {standard_task_runner.py:107} ERROR - Failed to execute job 8 for task chroma_embedder (You must set a data loader on the collection if loading from URIs. in get.; 5361)
[2025-10-24T15:34:07.632+0000] {local_task_job_runner.py:234} INFO - Task exited with return code 1
[2025-10-24T15:34:07.656+0000] {taskinstance.py:3280} INFO - 0 downstream tasks scheduled from follow-on schedule check
