[2025-10-24T20:59:38.431+0000] {taskinstance.py:1956} INFO - Dependencies all met for dep_context=non-requeueable deps ti=<TaskInstance: who_data_rag_ingestion_pipeline.chroma_embedder manual__2025-10-24T13:51:55.416507+00:00 [queued]>
[2025-10-24T20:59:38.455+0000] {taskinstance.py:1956} INFO - Dependencies all met for dep_context=requeueable deps ti=<TaskInstance: who_data_rag_ingestion_pipeline.chroma_embedder manual__2025-10-24T13:51:55.416507+00:00 [queued]>
[2025-10-24T20:59:38.456+0000] {taskinstance.py:2170} INFO - Starting attempt 7 of 7
[2025-10-24T20:59:38.483+0000] {taskinstance.py:2191} INFO - Executing <Task(_PythonDecoratedOperator): chroma_embedder> on 2025-10-24 13:51:55.416507+00:00
[2025-10-24T20:59:38.494+0000] {standard_task_runner.py:60} INFO - Started process 4921 to run task
[2025-10-24T20:59:38.499+0000] {standard_task_runner.py:87} INFO - Running: ['airflow', 'tasks', 'run', 'who_data_rag_ingestion_pipeline', 'chroma_embedder', 'manual__2025-10-24T13:51:55.416507+00:00', '--job-id', '15', '--raw', '--subdir', 'DAGS_FOLDER/ingest.py', '--cfg-path', '/tmp/tmpvou18kzq']
[2025-10-24T20:59:38.501+0000] {standard_task_runner.py:88} INFO - Job 15: Subtask chroma_embedder
[2025-10-24T20:59:38.540+0000] {logging_mixin.py:188} WARNING - /home/airflow/.local/lib/python3.9/site-packages/airflow/settings.py:194 DeprecationWarning: The sql_alchemy_conn option in [core] has been moved to the sql_alchemy_conn option in [database] - the old setting has been used, but please update your config.
[2025-10-24T20:59:38.609+0000] {task_command.py:423} INFO - Running <TaskInstance: who_data_rag_ingestion_pipeline.chroma_embedder manual__2025-10-24T13:51:55.416507+00:00 [running]> on host 75640aa753c9
[2025-10-24T20:59:38.783+0000] {taskinstance.py:2480} INFO - Exporting env vars: AIRFLOW_CTX_DAG_OWNER='airflow' AIRFLOW_CTX_DAG_ID='who_data_rag_ingestion_pipeline' AIRFLOW_CTX_TASK_ID='chroma_embedder' AIRFLOW_CTX_EXECUTION_DATE='2025-10-24T13:51:55.416507+00:00' AIRFLOW_CTX_TRY_NUMBER='7' AIRFLOW_CTX_DAG_RUN_ID='manual__2025-10-24T13:51:55.416507+00:00'
[2025-10-24T20:59:38.787+0000] {data_processor.py:186} INFO - Embedding only updated or new topic documents into Chroma...
[2025-10-24T20:59:38.789+0000] {logging_mixin.py:188} WARNING - --- Logging error ---
[2025-10-24T20:59:38.792+0000] {logging_mixin.py:188} WARNING - Traceback (most recent call last):
[2025-10-24T20:59:38.793+0000] {logging_mixin.py:188} WARNING -   File "/usr/local/lib/python3.9/logging/__init__.py", line 1083, in emit
    msg = self.format(record)
[2025-10-24T20:59:38.794+0000] {logging_mixin.py:188} WARNING -   File "/usr/local/lib/python3.9/logging/__init__.py", line 927, in format
    return fmt.format(record)
[2025-10-24T20:59:38.795+0000] {logging_mixin.py:188} WARNING -   File "/usr/local/lib/python3.9/logging/__init__.py", line 663, in format
    record.message = record.getMessage()
[2025-10-24T20:59:38.796+0000] {logging_mixin.py:188} WARNING -   File "/usr/local/lib/python3.9/logging/__init__.py", line 367, in getMessage
    msg = msg % self.args
[2025-10-24T20:59:38.797+0000] {logging_mixin.py:188} WARNING - TypeError: not all arguments converted during string formatting
[2025-10-24T20:59:38.798+0000] {logging_mixin.py:188} WARNING - Call stack:
[2025-10-24T20:59:38.840+0000] {logging_mixin.py:188} WARNING -   File "/home/airflow/.local/bin/airflow", line 8, in <module>
    sys.exit(main())
[2025-10-24T20:59:38.841+0000] {logging_mixin.py:188} WARNING -   File "/home/airflow/.local/lib/python3.9/site-packages/airflow/__main__.py", line 57, in main
    args.func(args)
[2025-10-24T20:59:38.842+0000] {logging_mixin.py:188} WARNING -   File "/home/airflow/.local/lib/python3.9/site-packages/airflow/cli/cli_config.py", line 49, in command
    return func(*args, **kwargs)
[2025-10-24T20:59:38.843+0000] {logging_mixin.py:188} WARNING -   File "/home/airflow/.local/lib/python3.9/site-packages/airflow/utils/cli.py", line 114, in wrapper
    return f(*args, **kwargs)
[2025-10-24T20:59:38.844+0000] {logging_mixin.py:188} WARNING -   File "/home/airflow/.local/lib/python3.9/site-packages/airflow/utils/providers_configuration_loader.py", line 55, in wrapped_function
    return func(*args, **kwargs)
[2025-10-24T20:59:38.845+0000] {logging_mixin.py:188} WARNING -   File "/home/airflow/.local/lib/python3.9/site-packages/airflow/cli/commands/scheduler_command.py", line 67, in scheduler
    run_command_with_daemon_option(
[2025-10-24T20:59:38.846+0000] {logging_mixin.py:188} WARNING -   File "/home/airflow/.local/lib/python3.9/site-packages/airflow/cli/commands/daemon_utils.py", line 86, in run_command_with_daemon_option
    callback()
[2025-10-24T20:59:38.847+0000] {logging_mixin.py:188} WARNING -   File "/home/airflow/.local/lib/python3.9/site-packages/airflow/cli/commands/scheduler_command.py", line 70, in <lambda>
    callback=lambda: _run_scheduler_job(args),
[2025-10-24T20:59:38.848+0000] {logging_mixin.py:188} WARNING -   File "/home/airflow/.local/lib/python3.9/site-packages/airflow/cli/commands/scheduler_command.py", line 52, in _run_scheduler_job
    run_job(job=job_runner.job, execute_callable=job_runner._execute)
[2025-10-24T20:59:38.849+0000] {logging_mixin.py:188} WARNING -   File "/home/airflow/.local/lib/python3.9/site-packages/airflow/utils/session.py", line 79, in wrapper
    return func(*args, session=session, **kwargs)
[2025-10-24T20:59:38.850+0000] {logging_mixin.py:188} WARNING -   File "/home/airflow/.local/lib/python3.9/site-packages/airflow/jobs/job.py", line 393, in run_job
    return execute_job(job, execute_callable=execute_callable)
[2025-10-24T20:59:38.851+0000] {logging_mixin.py:188} WARNING -   File "/home/airflow/.local/lib/python3.9/site-packages/airflow/jobs/job.py", line 422, in execute_job
    ret = execute_callable()
[2025-10-24T20:59:38.853+0000] {logging_mixin.py:188} WARNING -   File "/home/airflow/.local/lib/python3.9/site-packages/airflow/jobs/scheduler_job_runner.py", line 846, in _execute
    self.job.executor.start()
[2025-10-24T20:59:38.854+0000] {logging_mixin.py:188} WARNING -   File "/home/airflow/.local/lib/python3.9/site-packages/airflow/executors/local_executor.py", line 372, in start
    self.impl.start()
[2025-10-24T20:59:38.855+0000] {logging_mixin.py:188} WARNING -   File "/home/airflow/.local/lib/python3.9/site-packages/airflow/executors/local_executor.py", line 311, in start
    worker.start()
[2025-10-24T20:59:38.856+0000] {logging_mixin.py:188} WARNING -   File "/usr/local/lib/python3.9/multiprocessing/process.py", line 121, in start
    self._popen = self._Popen(self)
[2025-10-24T20:59:38.858+0000] {logging_mixin.py:188} WARNING -   File "/usr/local/lib/python3.9/multiprocessing/context.py", line 224, in _Popen
    return _default_context.get_context().Process._Popen(process_obj)
[2025-10-24T20:59:38.859+0000] {logging_mixin.py:188} WARNING -   File "/usr/local/lib/python3.9/multiprocessing/context.py", line 277, in _Popen
    return Popen(process_obj)
[2025-10-24T20:59:38.860+0000] {logging_mixin.py:188} WARNING -   File "/usr/local/lib/python3.9/multiprocessing/popen_fork.py", line 19, in __init__
    self._launch(process_obj)
[2025-10-24T20:59:38.861+0000] {logging_mixin.py:188} WARNING -   File "/usr/local/lib/python3.9/multiprocessing/popen_fork.py", line 71, in _launch
    code = process_obj._bootstrap(parent_sentinel=child_r)
[2025-10-24T20:59:38.862+0000] {logging_mixin.py:188} WARNING -   File "/usr/local/lib/python3.9/multiprocessing/process.py", line 315, in _bootstrap
    self.run()
[2025-10-24T20:59:38.863+0000] {logging_mixin.py:188} WARNING -   File "/home/airflow/.local/lib/python3.9/site-packages/airflow/executors/local_executor.py", line 77, in run
    return super().run()
[2025-10-24T20:59:38.864+0000] {logging_mixin.py:188} WARNING -   File "/usr/local/lib/python3.9/multiprocessing/process.py", line 108, in run
    self._target(*self._args, **self._kwargs)
[2025-10-24T20:59:38.865+0000] {logging_mixin.py:188} WARNING -   File "/home/airflow/.local/lib/python3.9/site-packages/airflow/executors/local_executor.py", line 201, in do_work
    self.execute_work(key=key, command=command)
[2025-10-24T20:59:38.866+0000] {logging_mixin.py:188} WARNING -   File "/home/airflow/.local/lib/python3.9/site-packages/airflow/executors/local_executor.py", line 94, in execute_work
    state = self._execute_work_in_fork(command)
[2025-10-24T20:59:38.867+0000] {logging_mixin.py:188} WARNING -   File "/home/airflow/.local/lib/python3.9/site-packages/airflow/executors/local_executor.py", line 134, in _execute_work_in_fork
    args.func(args)
[2025-10-24T20:59:38.868+0000] {logging_mixin.py:188} WARNING -   File "/home/airflow/.local/lib/python3.9/site-packages/airflow/cli/cli_config.py", line 49, in command
    return func(*args, **kwargs)
[2025-10-24T20:59:38.869+0000] {logging_mixin.py:188} WARNING -   File "/home/airflow/.local/lib/python3.9/site-packages/airflow/utils/cli.py", line 114, in wrapper
    return f(*args, **kwargs)
[2025-10-24T20:59:38.870+0000] {logging_mixin.py:188} WARNING -   File "/home/airflow/.local/lib/python3.9/site-packages/airflow/cli/commands/task_command.py", line 438, in task_run
    task_return_code = _run_task_by_selected_method(args, _dag, ti)
[2025-10-24T20:59:38.872+0000] {logging_mixin.py:188} WARNING -   File "/home/airflow/.local/lib/python3.9/site-packages/airflow/cli/commands/task_command.py", line 216, in _run_task_by_selected_method
    return _run_task_by_local_task_job(args, ti)
[2025-10-24T20:59:38.873+0000] {logging_mixin.py:188} WARNING -   File "/home/airflow/.local/lib/python3.9/site-packages/airflow/cli/commands/task_command.py", line 278, in _run_task_by_local_task_job
    ret = run_job(job=job_runner.job, execute_callable=job_runner._execute)
[2025-10-24T20:59:38.874+0000] {logging_mixin.py:188} WARNING -   File "/home/airflow/.local/lib/python3.9/site-packages/airflow/utils/session.py", line 79, in wrapper
    return func(*args, session=session, **kwargs)
[2025-10-24T20:59:38.875+0000] {logging_mixin.py:188} WARNING -   File "/home/airflow/.local/lib/python3.9/site-packages/airflow/jobs/job.py", line 393, in run_job
    return execute_job(job, execute_callable=execute_callable)
[2025-10-24T20:59:38.876+0000] {logging_mixin.py:188} WARNING -   File "/home/airflow/.local/lib/python3.9/site-packages/airflow/jobs/job.py", line 422, in execute_job
    ret = execute_callable()
[2025-10-24T20:59:38.877+0000] {logging_mixin.py:188} WARNING -   File "/home/airflow/.local/lib/python3.9/site-packages/airflow/jobs/local_task_job_runner.py", line 165, in _execute
    self.task_runner.start()
[2025-10-24T20:59:38.878+0000] {logging_mixin.py:188} WARNING -   File "/home/airflow/.local/lib/python3.9/site-packages/airflow/task/task_runner/standard_task_runner.py", line 48, in start
    self.process = self._start_by_fork()
[2025-10-24T20:59:38.879+0000] {logging_mixin.py:188} WARNING -   File "/home/airflow/.local/lib/python3.9/site-packages/airflow/task/task_runner/standard_task_runner.py", line 100, in _start_by_fork
    ret = args.func(args, dag=self.dag)
[2025-10-24T20:59:38.880+0000] {logging_mixin.py:188} WARNING -   File "/home/airflow/.local/lib/python3.9/site-packages/airflow/cli/cli_config.py", line 49, in command
    return func(*args, **kwargs)
[2025-10-24T20:59:38.881+0000] {logging_mixin.py:188} WARNING -   File "/home/airflow/.local/lib/python3.9/site-packages/airflow/utils/cli.py", line 114, in wrapper
    return f(*args, **kwargs)
[2025-10-24T20:59:38.882+0000] {logging_mixin.py:188} WARNING -   File "/home/airflow/.local/lib/python3.9/site-packages/airflow/cli/commands/task_command.py", line 438, in task_run
    task_return_code = _run_task_by_selected_method(args, _dag, ti)
[2025-10-24T20:59:38.883+0000] {logging_mixin.py:188} WARNING -   File "/home/airflow/.local/lib/python3.9/site-packages/airflow/cli/commands/task_command.py", line 218, in _run_task_by_selected_method
    return _run_raw_task(args, ti)
[2025-10-24T20:59:38.884+0000] {logging_mixin.py:188} WARNING -   File "/home/airflow/.local/lib/python3.9/site-packages/airflow/cli/commands/task_command.py", line 297, in _run_raw_task
    return ti._run_raw_task(
[2025-10-24T20:59:38.885+0000] {logging_mixin.py:188} WARNING -   File "/home/airflow/.local/lib/python3.9/site-packages/airflow/utils/session.py", line 79, in wrapper
    return func(*args, session=session, **kwargs)
[2025-10-24T20:59:38.887+0000] {logging_mixin.py:188} WARNING -   File "/home/airflow/.local/lib/python3.9/site-packages/airflow/models/taskinstance.py", line 2334, in _run_raw_task
    self._execute_task_with_callbacks(context, test_mode, session=session)
[2025-10-24T20:59:38.888+0000] {logging_mixin.py:188} WARNING -   File "/home/airflow/.local/lib/python3.9/site-packages/airflow/models/taskinstance.py", line 2499, in _execute_task_with_callbacks
    result = self._execute_task(context, task_orig)
[2025-10-24T20:59:38.889+0000] {logging_mixin.py:188} WARNING -   File "/home/airflow/.local/lib/python3.9/site-packages/airflow/models/taskinstance.py", line 2516, in _execute_task
    return _execute_task(self, context, task_orig)
[2025-10-24T20:59:38.890+0000] {logging_mixin.py:188} WARNING -   File "/home/airflow/.local/lib/python3.9/site-packages/airflow/models/taskinstance.py", line 433, in _execute_task
    result = execute_callable(context=context, **execute_callable_kwargs)
[2025-10-24T20:59:38.892+0000] {logging_mixin.py:188} WARNING -   File "/home/airflow/.local/lib/python3.9/site-packages/airflow/decorators/base.py", line 241, in execute
    return_value = super().execute(context)
[2025-10-24T20:59:38.892+0000] {logging_mixin.py:188} WARNING -   File "/home/airflow/.local/lib/python3.9/site-packages/airflow/operators/python.py", line 199, in execute
    return_value = self.execute_callable()
[2025-10-24T20:59:38.893+0000] {logging_mixin.py:188} WARNING -   File "/home/airflow/.local/lib/python3.9/site-packages/airflow/operators/python.py", line 216, in execute_callable
    return self.python_callable(*self.op_args, **self.op_kwargs)
[2025-10-24T20:59:38.894+0000] {logging_mixin.py:188} WARNING -   File "/opt/airflow/dags/ingest.py", line 41, in embed_and_upload
    embed_and_upload_chroma()
[2025-10-24T20:59:38.895+0000] {logging_mixin.py:188} WARNING -   File "/opt/airflow/scripts/data_processor.py", line 190, in embed_and_upload_chroma
    logging.info(f"Directory: ", local_db_path)
[2025-10-24T20:59:38.896+0000] {logging_mixin.py:188} WARNING -   File "/usr/local/lib/python3.9/logging/__init__.py", line 2097, in info
    root.info(msg, *args, **kwargs)
[2025-10-24T20:59:38.896+0000] {logging_mixin.py:188} WARNING -   File "/usr/local/lib/python3.9/logging/__init__.py", line 1446, in info
    self._log(INFO, msg, args, **kwargs)
[2025-10-24T20:59:38.897+0000] {logging_mixin.py:188} WARNING -   File "/usr/local/lib/python3.9/logging/__init__.py", line 1589, in _log
    self.handle(record)
[2025-10-24T20:59:38.898+0000] {logging_mixin.py:188} WARNING -   File "/usr/local/lib/python3.9/logging/__init__.py", line 1599, in handle
    self.callHandlers(record)
[2025-10-24T20:59:38.899+0000] {logging_mixin.py:188} WARNING -   File "/usr/local/lib/python3.9/logging/__init__.py", line 1661, in callHandlers
    hdlr.handle(record)
[2025-10-24T20:59:38.900+0000] {logging_mixin.py:188} WARNING -   File "/usr/local/lib/python3.9/logging/__init__.py", line 952, in handle
    self.emit(record)
[2025-10-24T20:59:38.901+0000] {logging_mixin.py:188} WARNING -   File "/home/airflow/.local/lib/python3.9/site-packages/airflow/utils/log/file_task_handler.py", line 247, in emit
    self.handler.emit(record)
[2025-10-24T20:59:38.901+0000] {logging_mixin.py:188} WARNING - Message: 'Directory: '
Arguments: ('app/chroma_db_files/chroma.sqlite3',)
[2025-10-24T20:59:38.902+0000] {python.py:201} INFO - Done. Returned value was: None
[2025-10-24T20:59:38.918+0000] {taskinstance.py:1138} INFO - Marking task as SUCCESS. dag_id=who_data_rag_ingestion_pipeline, task_id=chroma_embedder, execution_date=20251024T135155, start_date=20251024T205938, end_date=20251024T205938
[2025-10-24T20:59:38.954+0000] {local_task_job_runner.py:234} INFO - Task exited with return code 0
[2025-10-24T20:59:38.985+0000] {taskinstance.py:3280} INFO - 0 downstream tasks scheduled from follow-on schedule check
